new client accepted
[][]#-----Client identity-----#[][]
Address: 127.0.0.1:63667
socket fd: 5 | last activity: Tue Feb 20 17:14:23 2024

[][]#--------------------------#[][]

new client accepted
[][]#-----Client identity-----#[][]
Address: 127.0.0.1:63668
socket fd: 6 | last activity: Tue Feb 20 17:14:23 2024

[][]#--------------------------#[][]

client 5 closed
new client accepted
[][]#-----Client identity-----#[][]
Address: 127.0.0.1:63670
socket fd: 5 | last activity: Tue Feb 20 17:14:27 2024

[][]#--------------------------#[][]

client 6 closed
new client accepted
[][]#-----Client identity-----#[][]
Address: 127.0.0.1:63674
socket fd: 6 | last activity: Tue Feb 20 17:14:34 2024

[][]#--------------------------#[][]

client 5 closed
new client accepted
[][]#-----Client identity-----#[][]
Address: 127.0.0.1:63678
socket fd: 5 | last activity: Tue Feb 20 17:14:39 2024

[][]#--------------------------#[][]

client 6 closed
new client accepted
[][]#-----Client identity-----#[][]
Address: 127.0.0.1:63682
socket fd: 6 | last activity: Tue Feb 20 17:14:45 2024

[][]#--------------------------#[][]

client 5 closed
new client accepted
[][]#-----Client identity-----#[][]
Address: 127.0.0.1:63683
socket fd: 5 | last activity: Tue Feb 20 17:14:47 2024

[][]#--------------------------#[][]

client 6 closed
new client accepted
[][]#-----Client identity-----#[][]
Address: 127.0.0.1:63684
socket fd: 6 | last activity: Tue Feb 20 17:14:50 2024

[][]#--------------------------#[][]

client 5 closed
new client accepted
[][]#-----Client identity-----#[][]
Address: 127.0.0.1:63686
socket fd: 5 | last activity: Tue Feb 20 17:15:00 2024

[][]#--------------------------#[][]

client 6 closed
client 5 closed
new client accepted
[][]#-----Client identity-----#[][]
Address: 127.0.0.1:63689
socket fd: 5 | last activity: Tue Feb 20 17:15:21 2024

[][]#--------------------------#[][]

new client accepted
[][]#-----Client identity-----#[][]
Address: 127.0.0.1:63690
socket fd: 6 | last activity: Tue Feb 20 17:15:21 2024

[][]#--------------------------#[][]

client 5 closed
new client accepted
[][]#-----Client identity-----#[][]
Address: 127.0.0.1:63695
socket fd: 5 | last activity: Tue Feb 20 17:15:26 2024

[][]#--------------------------#[][]

client 6 closed
new client accepted
[][]#-----Client identity-----#[][]
Address: 127.0.0.1:63696
socket fd: 6 | last activity: Tue Feb 20 17:15:36 2024

[][]#--------------------------#[][]

client 5 closed
client 6 closed
new client accepted
[][]#-----Client identity-----#[][]
Address: 127.0.0.1:63697
socket fd: 5 | last activity: Tue Feb 20 17:15:36 2024

[][]#--------------------------#[][]

client 5 closed
new client accepted
[][]#-----Client identity-----#[][]
Address: 127.0.0.1:63698
socket fd: 5 | last activity: Tue Feb 20 17:15:36 2024

[][]#--------------------------#[][]

client 5 closed
new client accepted
[][]#-----Client identity-----#[][]
Address: 127.0.0.1:63699
socket fd: 5 | last activity: Tue Feb 20 17:15:36 2024

[][]#--------------------------#[][]

client 5 closed
new client accepted
[][]#-----Client identity-----#[][]
Address: 127.0.0.1:63700
socket fd: 5 | last activity: Tue Feb 20 17:15:36 2024

[][]#--------------------------#[][]

client 5 closed
new client accepted
[][]#-----Client identity-----#[][]
Address: 127.0.0.1:63701
socket fd: 5 | last activity: Tue Feb 20 17:15:36 2024

[][]#--------------------------#[][]

client 5 closed
new client accepted
[][]#-----Client identity-----#[][]
Address: 127.0.0.1:63702
socket fd: 5 | last activity: Tue Feb 20 17:15:37 2024

[][]#--------------------------#[][]

client 5 closed
new client accepted
[][]#-----Client identity-----#[][]
Address: 127.0.0.1:63703
socket fd: 5 | last activity: Tue Feb 20 17:15:37 2024

[][]#--------------------------#[][]

client 5 closed
new client accepted
[][]#-----Client identity-----#[][]
Address: 127.0.0.1:63704
socket fd: 5 | last activity: Tue Feb 20 17:15:37 2024

[][]#--------------------------#[][]

client 5 closed
new client accepted
[][]#-----Client identity-----#[][]
Address: 127.0.0.1:63705
socket fd: 5 | last activity: Tue Feb 20 17:15:37 2024

[][]#--------------------------#[][]

client 5 closed
new client accepted
[][]#-----Client identity-----#[][]
Address: 127.0.0.1:63706
socket fd: 5 | last activity: Tue Feb 20 17:15:37 2024

[][]#--------------------------#[][]

client 5 closed
new client accepted
[][]#-----Client identity-----#[][]
Address: 127.0.0.1:63707
socket fd: 5 | last activity: Tue Feb 20 17:15:37 2024

[][]#--------------------------#[][]

client 5 closed
new client accepted
[][]#-----Client identity-----#[][]
Address: 127.0.0.1:63708
socket fd: 5 | last activity: Tue Feb 20 17:15:37 2024

[][]#--------------------------#[][]

client 5 closed
new client accepted
[][]#-----Client identity-----#[][]
Address: 127.0.0.1:63709
socket fd: 5 | last activity: Tue Feb 20 17:15:37 2024

[][]#--------------------------#[][]

client 5 closed
new client accepted
[][]#-----Client identity-----#[][]
Address: 127.0.0.1:63710
socket fd: 5 | last activity: Tue Feb 20 17:15:37 2024

[][]#--------------------------#[][]

client 5 closed
new client accepted
[][]#-----Client identity-----#[][]
Address: 127.0.0.1:63711
socket fd: 5 | last activity: Tue Feb 20 17:15:37 2024

[][]#--------------------------#[][]

client 5 closed
new client accepted
[][]#-----Client identity-----#[][]
Address: 127.0.0.1:63712
socket fd: 5 | last activity: Tue Feb 20 17:15:37 2024

[][]#--------------------------#[][]

client 5 closed
new client accepted
[][]#-----Client identity-----#[][]
Address: 127.0.0.1:63714
socket fd: 5 | last activity: Tue Feb 20 17:15:37 2024

[][]#--------------------------#[][]

client 5 closed
new client accepted
[][]#-----Client identity-----#[][]
Address: 127.0.0.1:63715
socket fd: 5 | last activity: Tue Feb 20 17:15:37 2024

[][]#--------------------------#[][]

client 5 closed
new client accepted
[][]#-----Client identity-----#[][]
Address: 127.0.0.1:63716
socket fd: 5 | last activity: Tue Feb 20 17:15:38 2024

[][]#--------------------------#[][]

client 5 closed
new client accepted
[][]#-----Client identity-----#[][]
Address: 127.0.0.1:63717
socket fd: 5 | last activity: Tue Feb 20 17:15:38 2024

[][]#--------------------------#[][]

client 5 closed
new client accepted
[][]#-----Client identity-----#[][]
Address: 127.0.0.1:63718
socket fd: 5 | last activity: Tue Feb 20 17:15:38 2024

[][]#--------------------------#[][]

client 5 closed
new client accepted
[][]#-----Client identity-----#[][]
Address: 127.0.0.1:63719
socket fd: 5 | last activity: Tue Feb 20 17:15:38 2024

[][]#--------------------------#[][]

client 5 closed
new client accepted
[][]#-----Client identity-----#[][]
Address: 127.0.0.1:63720
socket fd: 5 | last activity: Tue Feb 20 17:15:38 2024

[][]#--------------------------#[][]

client 5 closed
new client accepted
[][]#-----Client identity-----#[][]
Address: 127.0.0.1:63721
socket fd: 5 | last activity: Tue Feb 20 17:15:38 2024

[][]#--------------------------#[][]

client 5 closed
new client accepted
[][]#-----Client identity-----#[][]
Address: 127.0.0.1:63722
socket fd: 5 | last activity: Tue Feb 20 17:15:38 2024

[][]#--------------------------#[][]

client 5 closed
new client accepted
[][]#-----Client identity-----#[][]
Address: 127.0.0.1:63723
socket fd: 5 | last activity: Tue Feb 20 17:15:38 2024

[][]#--------------------------#[][]

client 5 closed
new client accepted
[][]#-----Client identity-----#[][]
Address: 127.0.0.1:63724
socket fd: 5 | last activity: Tue Feb 20 17:15:38 2024

[][]#--------------------------#[][]

client 5 closed
new client accepted
[][]#-----Client identity-----#[][]
Address: 127.0.0.1:63725
socket fd: 5 | last activity: Tue Feb 20 17:15:38 2024

[][]#--------------------------#[][]

client 5 closed
new client accepted
[][]#-----Client identity-----#[][]
Address: 127.0.0.1:63726
socket fd: 5 | last activity: Tue Feb 20 17:15:38 2024

[][]#--------------------------#[][]

client 5 closed
new client accepted
[][]#-----Client identity-----#[][]
Address: 127.0.0.1:63727
socket fd: 5 | last activity: Tue Feb 20 17:15:38 2024

[][]#--------------------------#[][]

client 5 closed
new client accepted
[][]#-----Client identity-----#[][]
Address: 127.0.0.1:63728
socket fd: 5 | last activity: Tue Feb 20 17:15:39 2024

[][]#--------------------------#[][]

client 5 closed
new client accepted
[][]#-----Client identity-----#[][]
Address: 127.0.0.1:63729
socket fd: 5 | last activity: Tue Feb 20 17:15:39 2024

[][]#--------------------------#[][]

client 5 closed
new client accepted
[][]#-----Client identity-----#[][]
Address: 127.0.0.1:63730
socket fd: 5 | last activity: Tue Feb 20 17:15:39 2024

[][]#--------------------------#[][]

client 5 closed
new client accepted
[][]#-----Client identity-----#[][]
Address: 127.0.0.1:63731
socket fd: 5 | last activity: Tue Feb 20 17:15:39 2024

[][]#--------------------------#[][]

client 5 closed
new client accepted
[][]#-----Client identity-----#[][]
Address: 127.0.0.1:63732
socket fd: 5 | last activity: Tue Feb 20 17:15:39 2024

[][]#--------------------------#[][]

client 5 closed
new client accepted
[][]#-----Client identity-----#[][]
Address: 127.0.0.1:63733
socket fd: 5 | last activity: Tue Feb 20 17:15:39 2024

[][]#--------------------------#[][]

client 5 closed
new client accepted
[][]#-----Client identity-----#[][]
Address: 127.0.0.1:63734
socket fd: 5 | last activity: Tue Feb 20 17:15:39 2024

[][]#--------------------------#[][]

client 5 closed
new client accepted
[][]#-----Client identity-----#[][]
Address: 127.0.0.1:63735
socket fd: 5 | last activity: Tue Feb 20 17:15:39 2024

[][]#--------------------------#[][]

client 5 closed
new client accepted
[][]#-----Client identity-----#[][]
Address: 127.0.0.1:63736
socket fd: 5 | last activity: Tue Feb 20 17:15:39 2024

[][]#--------------------------#[][]

client 5 closed
new client accepted
[][]#-----Client identity-----#[][]
Address: 127.0.0.1:63737
socket fd: 5 | last activity: Tue Feb 20 17:15:51 2024

[][]#--------------------------#[][]

new client accepted
[][]#-----Client identity-----#[][]
Address: 127.0.0.1:63738
socket fd: 6 | last activity: Tue Feb 20 17:15:51 2024

[][]#--------------------------#[][]

client 5 closed
new client accepted
[][]#-----Client identity-----#[][]
Address: 127.0.0.1:63739
socket fd: 5 | last activity: Tue Feb 20 17:16:00 2024

[][]#--------------------------#[][]

client 6 closed
client 5 closed
new client accepted
[][]#-----Client identity-----#[][]
Address: 127.0.0.1:63743
socket fd: 5 | last activity: Tue Feb 20 17:16:11 2024

[][]#--------------------------#[][]

client 5 closed
new client accepted
[][]#-----Client identity-----#[][]
Address: 127.0.0.1:63748
socket fd: 5 | last activity: Tue Feb 20 17:17:16 2024

[][]#--------------------------#[][]

new client accepted
[][]#-----Client identity-----#[][]
Address: 127.0.0.1:63749
socket fd: 6 | last activity: Tue Feb 20 17:17:16 2024

[][]#--------------------------#[][]

client 5 closed
new client accepted
[][]#-----Client identity-----#[][]
Address: 127.0.0.1:63756
socket fd: 5 | last activity: Tue Feb 20 17:17:36 2024

[][]#--------------------------#[][]

client 6 closed
new client accepted
[][]#-----Client identity-----#[][]
Address: 127.0.0.1:63760
socket fd: 6 | last activity: Tue Feb 20 17:17:48 2024

[][]#--------------------------#[][]

client 5 closed
new client accepted
[][]#-----Client identity-----#[][]
Address: 127.0.0.1:63761
socket fd: 5 | last activity: Tue Feb 20 17:17:50 2024

[][]#--------------------------#[][]

client 6 closed
client 5 closed
new client accepted
[][]#-----Client identity-----#[][]
Address: 127.0.0.1:63762
socket fd: 5 | last activity: Tue Feb 20 17:17:55 2024

[][]#--------------------------#[][]

new client accepted
[][]#-----Client identity-----#[][]
Address: 127.0.0.1:63763
socket fd: 6 | last activity: Tue Feb 20 17:17:55 2024

[][]#--------------------------#[][]

client 5 closed
client 6 closed
new client accepted
[][]#-----Client identity-----#[][]
Address: 127.0.0.1:63764
socket fd: 5 | last activity: Tue Feb 20 17:17:59 2024

[][]#--------------------------#[][]

client 5 closed
new client accepted
[][]#-----Client identity-----#[][]
Address: 127.0.0.1:63765
socket fd: 5 | last activity: Tue Feb 20 17:18:02 2024

[][]#--------------------------#[][]

client 5 closed
new client accepted
[][]#-----Client identity-----#[][]
Address: 127.0.0.1:63766
socket fd: 5 | last activity: Tue Feb 20 17:18:05 2024

[][]#--------------------------#[][]

client 5 closed
new client accepted
[][]#-----Client identity-----#[][]
Address: 127.0.0.1:63770
socket fd: 5 | last activity: Tue Feb 20 17:19:19 2024

[][]#--------------------------#[][]

client 5 closed
new client accepted
[][]#-----Client identity-----#[][]
Address: 127.0.0.1:63772
socket fd: 5 | last activity: Tue Feb 20 17:19:23 2024

[][]#--------------------------#[][]

client 5 closed
new client accepted
[][]#-----Client identity-----#[][]
Address: 127.0.0.1:63773
socket fd: 5 | last activity: Tue Feb 20 17:19:48 2024

[][]#--------------------------#[][]

new client accepted
[][]#-----Client identity-----#[][]
Address: 127.0.0.1:63774
socket fd: 6 | last activity: Tue Feb 20 17:19:48 2024

[][]#--------------------------#[][]

client 5 closed
client 6 closed
new client accepted
[][]#-----Client identity-----#[][]
Address: 127.0.0.1:63775
socket fd: 5 | last activity: Tue Feb 20 17:19:55 2024

[][]#--------------------------#[][]

client 5 closed
new client accepted
[][]#-----Client identity-----#[][]
Address: 127.0.0.1:63777
socket fd: 5 | last activity: Tue Feb 20 17:20:02 2024

[][]#--------------------------#[][]

new client accepted
[][]#-----Client identity-----#[][]
Address: 127.0.0.1:63778
socket fd: 6 | last activity: Tue Feb 20 17:20:02 2024

[][]#--------------------------#[][]

client 5 closed
new client accepted
[][]#-----Client identity-----#[][]
Address: 127.0.0.1:63779
socket fd: 5 | last activity: Tue Feb 20 17:20:05 2024

[][]#--------------------------#[][]

client 6 closed
client 5 closed
new client accepted
[][]#-----Client identity-----#[][]
Address: 127.0.0.1:63782
socket fd: 5 | last activity: Tue Feb 20 17:20:38 2024

[][]#--------------------------#[][]

client 5 closed
new client accepted
[][]#-----Client identity-----#[][]
Address: 127.0.0.1:63833
socket fd: 5 | last activity: Tue Feb 20 17:30:13 2024

[][]#--------------------------#[][]

client 5 closed
new client accepted
[][]#-----Client identity-----#[][]
Address: 127.0.0.1:63852
socket fd: 5 | last activity: Tue Feb 20 17:36:01 2024

[][]#--------------------------#[][]

new client accepted
[][]#-----Client identity-----#[][]
Address: 127.0.0.1:63853
socket fd: 6 | last activity: Tue Feb 20 17:36:01 2024

[][]#--------------------------#[][]

client 5 closed
new client accepted
[][]#-----Client identity-----#[][]
Address: 127.0.0.1:63854
socket fd: 5 | last activity: Tue Feb 20 17:36:01 2024

[][]#--------------------------#[][]

client 6 closed
new client accepted
[][]#-----Client identity-----#[][]
Address: 127.0.0.1:63855
socket fd: 6 | last activity: Tue Feb 20 17:36:02 2024

[][]#--------------------------#[][]

client 5 closed
