event 0 3 -1 5
read event
new connection request
event 0 3 -1 5
read event
new connection request
event 1 5 -1 5
read event
Handling request
event 0 5 -2 9
write event
event 0 3 -1 5
read event
new connection request
event 0 6 -1 5
read event
Handling request
event 0 6 -2 9
write event
event 0 3 -1 5
read event
new connection request
event 0 5 -1 5
read event
Handling request
event 0 5 -2 9
write event
event 0 6 -1 5
read event
Handling request
event 0 3 -1 5
read event
new connection request
event 1 6 -2 9
write event
event 0 5 -1 5
read event
Handling request
event 0 3 -1 5
read event
new connection request
event 1 5 -2 9
write event
event 0 3 -1 5
read event
new connection request
event 0 6 -1 5
read event
Handling request
event 0 6 -2 9
write event
event 0 3 -1 5
read event
new connection request
event 0 5 -1 5
read event
Handling request
event 0 5 -2 9
write event
event 0 6 -1 5
read event
Handling request
event 0 3 -1 5
read event
new connection request
event 1 6 -2 9
write event
event 0 5 -1 5
read event
Handling request
event 0 5 -2 9
write event
event 0 3 -1 5
read event
new connection request
event 0 3 -1 5
read event
new connection request
event 0 5 -1 5
read event
Handling request
event 0 5 -2 9
write event
event 0 6 -1 5
read event
Handling request
event 0 3 -1 5
read event
new connection request
event 1 6 -2 9
write event
event 0 5 -1 5
read event
Handling request
event 0 3 -1 5
read event
new connection request
event 1 5 -2 9
write event
event 0 6 -1 5
read event
Handling request
event 0 6 -2 9
write event
event 0 3 -1 5
read event
new connection request
event 0 5 -1 5
read event
Handling request
event 0 5 -2 9
write event
event 0 3 -1 5
read event
new connection request
event 0 5 -1 5
read event
Handling request
event 0 5 -2 9
write event
event 0 3 -1 5
read event
new connection request
event 0 5 -1 5
read event
Handling request
event 0 5 -2 9
write event
event 0 3 -1 5
read event
new connection request
event 0 5 -1 5
read event
Handling request
event 0 5 -2 9
write event
event 0 3 -1 5
read event
new connection request
event 0 5 -1 5
read event
Handling request
event 0 5 -2 9
write event
event 0 3 -1 5
read event
new connection request
event 0 5 -1 5
read event
Handling request
event 0 5 -2 9
write event
event 0 3 -1 5
read event
new connection request
event 0 5 -1 5
read event
Handling request
event 0 5 -2 9
write event
event 0 3 -1 5
read event
new connection request
event 0 5 -1 5
read event
Handling request
event 0 5 -2 9
write event
event 0 3 -1 5
read event
new connection request
event 0 5 -1 5
read event
Handling request
event 0 5 -2 9
write event
event 0 3 -1 5
read event
new connection request
event 0 5 -1 5
read event
Handling request
event 0 5 -2 9
write event
event 0 3 -1 5
read event
new connection request
event 0 5 -1 5
read event
Handling request
event 0 5 -2 9
write event
event 0 3 -1 5
read event
new connection request
event 0 5 -1 5
read event
Handling request
event 0 5 -2 9
write event
event 0 3 -1 5
read event
new connection request
event 0 5 -1 5
read event
Handling request
event 0 5 -2 9
write event
event 0 3 -1 5
read event
new connection request
event 0 5 -1 5
read event
Handling request
event 0 5 -2 9
write event
event 0 3 -1 5
read event
new connection request
event 0 5 -1 5
read event
Handling request
event 0 5 -2 9
write event
event 0 3 -1 5
read event
new connection request
event 0 5 -1 5
read event
Handling request
event 0 5 -2 9
write event
event 0 3 -1 5
read event
new connection request
event 0 5 -1 5
read event
Handling request
event 0 5 -2 9
write event
event 0 3 -1 5
read event
new connection request
event 0 5 -1 5
read event
Handling request
event 0 5 -2 9
write event
event 0 3 -1 5
read event
new connection request
event 0 5 -1 5
read event
Handling request
event 0 5 -2 9
write event
event 0 3 -1 5
read event
new connection request
event 0 5 -1 5
read event
Handling request
event 0 5 -2 9
write event
event 0 3 -1 5
read event
new connection request
event 0 5 -1 5
read event
Handling request
event 0 5 -2 9
write event
event 0 3 -1 5
read event
new connection request
event 0 5 -1 5
read event
Handling request
event 0 5 -2 9
write event
event 0 3 -1 5
read event
new connection request
event 0 5 -1 5
read event
Handling request
event 0 5 -2 9
write event
event 0 3 -1 5
read event
new connection request
event 0 5 -1 5
read event
Handling request
event 0 5 -2 9
write event
event 0 3 -1 5
read event
new connection request
event 0 5 -1 5
read event
Handling request
event 0 5 -2 9
write event
event 0 3 -1 5
read event
new connection request
event 0 5 -1 5
read event
Handling request
event 0 5 -2 9
write event
event 0 3 -1 5
read event
new connection request
event 0 5 -1 5
read event
Handling request
event 0 5 -2 9
write event
event 0 3 -1 5
read event
new connection request
event 0 5 -1 5
read event
Handling request
event 0 5 -2 9
write event
event 0 3 -1 5
read event
new connection request
event 0 5 -1 5
read event
Handling request
event 0 5 -2 9
write event
event 0 3 -1 5
read event
new connection request
event 0 5 -1 5
read event
Handling request
event 0 5 -2 9
write event
event 0 3 -1 5
read event
new connection request
event 0 5 -1 5
read event
Handling request
event 0 5 -2 9
write event
event 0 3 -1 5
read event
new connection request
event 0 5 -1 5
read event
Handling request
event 0 5 -2 9
write event
event 0 3 -1 5
read event
new connection request
event 0 5 -1 5
read event
Handling request
event 0 5 -2 9
write event
event 0 3 -1 5
read event
new connection request
event 0 5 -1 5
read event
Handling request
event 0 5 -2 9
write event
event 0 3 -1 5
read event
new connection request
event 0 5 -1 5
read event
Handling request
event 0 5 -2 9
write event
event 0 3 -1 5
read event
new connection request
event 0 5 -1 5
read event
Handling request
event 0 5 -2 9
write event
event 0 3 -1 5
read event
new connection request
event 0 5 -1 5
read event
Handling request
event 0 5 -2 9
write event
event 0 3 -1 5
read event
new connection request
event 0 5 -1 5
read event
Handling request
event 0 5 -2 9
write event
event 0 3 -1 5
read event
new connection request
event 0 5 -1 5
read event
Handling request
event 0 5 -2 9
write event
event 0 3 -1 5
read event
new connection request
event 0 3 -1 5
read event
new connection request
event 1 5 -1 5
read event
Handling request
event 0 5 -2 9
write event
event 0 6 -1 5
read event
Handling request
event 0 3 -1 5
read event
new connection request
event 1 6 -2 9
write event
event 0 5 -1 5
read event
Handling request
event 0 5 -2 9
write event
event 0 3 -1 5
read event
new connection request
event 0 5 -1 5
read event
Handling request
event 0 5 -2 9
write event
event 0 3 -1 5
read event
new connection request
event 0 3 -1 5
read event
new connection request
event 1 5 -1 5
read event
Handling request
event 0 5 -2 9
write event
event 0 6 -1 5
read event
Handling request
event 0 3 -1 5
read event
new connection request
event 1 6 -2 9
write event
event 0 5 -1 5
read event
Handling request
event 0 3 -1 5
read event
new connection request
event 1 5 -2 9
write event
event 0 6 -1 5
read event
Handling request
event 0 3 -1 5
read event
new connection request
event 1 6 -2 9
write event
event 0 5 -1 5
read event
Handling request
event 0 5 -2 9
write event
event 0 3 -1 5
read event
new connection request
event 0 3 -1 5
read event
new connection request
event 1 5 -1 5
read event
Handling request
event 0 5 -2 9
write event
event 0 6 -1 5
read event
Handling request
event 0 6 -2 9
write event
event 0 3 -1 5
read event
new connection request
event 0 5 -1 5
read event
Handling request
event 0 5 -2 9
write event
event 0 3 -1 5
read event
new connection request
event 0 5 -1 5
read event
Handling request
event 0 5 -2 9
write event
event 0 3 -1 5
read event
new connection request
event 0 5 -1 5
read event
Handling request
event 0 5 -2 9
write event
event 0 3 -1 5
read event
new connection request
event 0 5 -1 5
read event
Handling request
event 0 5 -2 9
write event
event 0 3 -1 5
read event
new connection request
event 0 5 -1 5
read event
Handling request
event 0 5 -2 9
write event
event 0 3 -1 5
read event
new connection request
event 0 3 -1 5
read event
new connection request
event 1 5 -1 5
read event
Handling request
event 0 5 -2 9
write event
event 0 6 -1 5
read event
Handling request
event 0 6 -2 9
write event
event 0 3 -1 5
read event
new connection request
event 0 5 -1 5
read event
Handling request
event 0 5 -2 9
write event
event 0 3 -1 5
read event
new connection request
event 0 3 -1 5
read event
new connection request
event 1 5 -1 5
read event
Handling request
event 0 5 -2 9
write event
event 0 6 -1 5
read event
Handling request
event 0 3 -1 5
read event
new connection request
event 1 6 -2 9
write event
event 0 5 -1 5
read event
Handling request
event 0 5 -2 9
write event
event 0 3 -1 5
read event
new connection request
event 0 5 -1 5
read event
Handling request
event 0 5 -2 9
write event
event 0 3 -1 5
read event
new connection request
event 0 5 -1 5
read event
event 0 5 -2 9
write event
event 0 3 -1 5
read event
new connection request
event 0 3 -1 5
read event
new connection request
event 1 5 -1 5
read event
Handling request
event 0 5 -2 9
write event
event 0 6 -1 5
read event
Handling request
event 0 3 -1 5
read event
new connection request
event 1 6 -2 9
write event
event 0 5 -1 5
read event
Handling request
event 0 3 -1 5
read event
new connection request
event 1 5 -2 9
write event
