Server ID: SERVER_1
Server Name: DreamWorld
Server Address: 127.0.0.1:8080
Server Socket: -1
Is Default: 1
Default Page: Web/DreamWorld/test.html
Max Body Size: 100000
Cookies: 1
Routes: 
Route ID: MAIN
Route: /
Root: Web/DreamWorld/
DefaultPage: Web/DreamWorld/index.html
Methods: GET 
IsRedir: 0
RedirDir: 
Listing: 0
IsDownload: 0
DownloadDir: 
IsUpload: 0
ForceUpload: 0
CgiExt: 

Route ID: CGI
Route: /cgi/
Root: Web/DreamWorld/cgi/
DefaultPage: Web/DreamWorld/index.html
Methods: GET POST 
IsRedir: 0
RedirDir: 
Listing: 0
IsDownload: 0
DownloadDir: 
IsUpload: 0
ForceUpload: 0
CgiExt: .py .php .cgi .pl 

Route ID: IMAGES
Route: /img/
Root: Web/DreamWorld/img/
DefaultPage: 
Methods: GET POST 
IsRedir: 0
RedirDir: 
Listing: 1
IsDownload: 1
DownloadDir: Web/DreamWorld/img/
IsUpload: 1
ForceUpload: 0
CgiExt: 

Route ID: KITTENLAND
Route: /kittenland/
Root: Web/DreamWorld/kittenland/
DefaultPage: 
Methods: GET POST DELETE 
IsRedir: 0
RedirDir: 
Listing: 1
IsDownload: 1
DownloadDir: Web/DreamWorld/kittenland/
IsUpload: 1
ForceUpload: 0
CgiExt: 

Errors: 
Error pages: 
Code: 404 Page: Web/DreamWorld/test.html
Code: 500 Page: Web/DreamWorld/test.html


