Reading header
EOHFound: 0
#----------Request----------#
Method: GET
Uri: /scream.html
HttpVersion: HTTP/1.1
Headers: 
Accept: text/html,application/xhtml+xml,application/xml;q=0.9,image/avif,image/webp,image/apng,*/*;q=0.8,application/signed-exchange;v=b3;q=0.7
Accept-Encoding: gzip, deflate, br
Accept-Language: en-US,en;q=0.9
Cache-Control: max-age=0
Connection: keep-alive
Cookie: id=14791441398148882561; Last-Modified=2024-2-20 16:47:4
Host: 127.0.0.1:8080
Sec-Fetch-Dest: document
Sec-Fetch-Mode: navigate
Sec-Fetch-Site: none
Sec-Fetch-User: ?1
Upgrade-Insecure-Requests: 1
User-Agent: Mozilla/5.0 (Macintosh; Intel Mac OS X 10_15_7) AppleWebKit/537.36 (KHTML, like Gecko) Chrome/114.0.0.0 Safari/537.36
sec-ch-ua: "Not.A/Brand";v="8", "Chromium";v="114", "Google Chrome";v="114"
sec-ch-ua-mobile: ?0
sec-ch-ua-platform: "macOS"
RefinedBody: -----------Data------------

#---------------------------#

Reading header
EOHFound: 0
Reading body
EOHFound: 1
#----------Request----------#
Method: POST
Uri: /cgi/scream.rb
HttpVersion: HTTP/1.1
Headers: 
Accept: text/html,application/xhtml+xml,application/xml;q=0.9,image/avif,image/webp,image/apng,*/*;q=0.8,application/signed-exchange;v=b3;q=0.7
Accept-Encoding: gzip, deflate, br
Accept-Language: en-US,en;q=0.9
Cache-Control: max-age=0
Connection: keep-alive
Content-Length: 13
Content-Type: application/x-www-form-urlencoded
Cookie: Last-Modified=2024-2-20 15:46:4; id=14791441398148882561; Last-Modified=2024-2-20 17:14:23
Host: 127.0.0.1:8080
Origin: http://127.0.0.1:8080
Referer: http://127.0.0.1:8080/scream.html
Sec-Fetch-Dest: document
Sec-Fetch-Mode: navigate
Sec-Fetch-Site: same-origin
Sec-Fetch-User: ?1
Upgrade-Insecure-Requests: 1
User-Agent: Mozilla/5.0 (Macintosh; Intel Mac OS X 10_15_7) AppleWebKit/537.36 (KHTML, like Gecko) Chrome/114.0.0.0 Safari/537.36
sec-ch-ua: "Not.A/Brand";v="8", "Chromium";v="114", "Google Chrome";v="114"
sec-ch-ua-mobile: ?0
sec-ch-ua-platform: "macOS"
RawBody: toScream=chut
RefinedBody: -----------Data------------
CgiArgs: 
toScream: chut

#---------------------------#

Reading header
EOHFound: 0
#----------Request----------#
Method: GET
Uri: /
HttpVersion: HTTP/1.1
Headers: 
Accept: text/html,application/xhtml+xml,application/xml;q=0.9,image/avif,image/webp,image/apng,*/*;q=0.8,application/signed-exchange;v=b3;q=0.7
Accept-Encoding: gzip, deflate, br
Accept-Language: en-US,en;q=0.9
Connection: keep-alive
Cookie: id=14791441398148882561; Last-Modified=2024-2-20 17:14:23
Host: 127.0.0.1:8080
Sec-Fetch-Dest: document
Sec-Fetch-Mode: navigate
Sec-Fetch-Site: none
Sec-Fetch-User: ?1
Upgrade-Insecure-Requests: 1
User-Agent: Mozilla/5.0 (Macintosh; Intel Mac OS X 10_15_7) AppleWebKit/537.36 (KHTML, like Gecko) Chrome/114.0.0.0 Safari/537.36
sec-ch-ua: "Not.A/Brand";v="8", "Chromium";v="114", "Google Chrome";v="114"
sec-ch-ua-mobile: ?0
sec-ch-ua-platform: "macOS"
RefinedBody: -----------Data------------

#---------------------------#

Reading header
EOHFound: 0
#----------Request----------#
Method: GET
Uri: /addition.html
HttpVersion: HTTP/1.1
Headers: 
Accept: text/html,application/xhtml+xml,application/xml;q=0.9,image/avif,image/webp,image/apng,*/*;q=0.8,application/signed-exchange;v=b3;q=0.7
Accept-Encoding: gzip, deflate, br
Accept-Language: en-US,en;q=0.9
Connection: keep-alive
Cookie: id=14791441398148882561; Last-Modified=2024-2-20 17:14:38
Host: 127.0.0.1:8080
Referer: http://127.0.0.1:8080/
Sec-Fetch-Dest: document
Sec-Fetch-Mode: navigate
Sec-Fetch-Site: same-origin
Sec-Fetch-User: ?1
Upgrade-Insecure-Requests: 1
User-Agent: Mozilla/5.0 (Macintosh; Intel Mac OS X 10_15_7) AppleWebKit/537.36 (KHTML, like Gecko) Chrome/114.0.0.0 Safari/537.36
sec-ch-ua: "Not.A/Brand";v="8", "Chromium";v="114", "Google Chrome";v="114"
sec-ch-ua-mobile: ?0
sec-ch-ua-platform: "macOS"
RefinedBody: -----------Data------------

#---------------------------#

Reading header
EOHFound: 0
#----------Request----------#
Method: GET
Uri: /cgi/addition.py?num1=654&num2=45
HttpVersion: HTTP/1.1
Headers: 
Accept: text/html,application/xhtml+xml,application/xml;q=0.9,image/avif,image/webp,image/apng,*/*;q=0.8,application/signed-exchange;v=b3;q=0.7
Accept-Encoding: gzip, deflate, br
Accept-Language: en-US,en;q=0.9
Connection: keep-alive
Cookie: Last-Modified=2024-2-20 15:46:4; id=14791441398148882561; Last-Modified=2024-2-20 17:14:39
Host: 127.0.0.1:8080
Referer: http://127.0.0.1:8080/addition.html
Sec-Fetch-Dest: document
Sec-Fetch-Mode: navigate
Sec-Fetch-Site: same-origin
Sec-Fetch-User: ?1
Upgrade-Insecure-Requests: 1
User-Agent: Mozilla/5.0 (Macintosh; Intel Mac OS X 10_15_7) AppleWebKit/537.36 (KHTML, like Gecko) Chrome/114.0.0.0 Safari/537.36
sec-ch-ua: "Not.A/Brand";v="8", "Chromium";v="114", "Google Chrome";v="114"
sec-ch-ua-mobile: ?0
sec-ch-ua-platform: "macOS"
RefinedBody: -----------Data------------

#---------------------------#

Reading header
EOHFound: 0
#----------Request----------#
Method: GET
Uri: /cgi/addition.py?num1=654&num2=45
HttpVersion: HTTP/1.1
Headers: 
Accept: text/html,application/xhtml+xml,application/xml;q=0.9,image/avif,image/webp,image/apng,*/*;q=0.8,application/signed-exchange;v=b3;q=0.7
Accept-Encoding: gzip, deflate, br
Accept-Language: en-US,en;q=0.9
Connection: keep-alive
Cookie: Last-Modified=2024-2-20 17:14:45; id=14791441398148882561; Last-Modified=2024-2-20 17:14:39
Host: 127.0.0.1:8080
Referer: http://127.0.0.1:8080/addition.html
Sec-Fetch-Dest: document
Sec-Fetch-Mode: navigate
Sec-Fetch-Site: same-origin
Sec-Fetch-User: ?1
Upgrade-Insecure-Requests: 1
User-Agent: Mozilla/5.0 (Macintosh; Intel Mac OS X 10_15_7) AppleWebKit/537.36 (KHTML, like Gecko) Chrome/114.0.0.0 Safari/537.36
sec-ch-ua: "Not.A/Brand";v="8", "Chromium";v="114", "Google Chrome";v="114"
sec-ch-ua-mobile: ?0
sec-ch-ua-platform: "macOS"
RefinedBody: -----------Data------------

#---------------------------#

Reading header
EOHFound: 0
#----------Request----------#
Method: GET
Uri: /index.html
HttpVersion: HTTP/1.1
Headers: 
Accept: text/html,application/xhtml+xml,application/xml;q=0.9,image/avif,image/webp,image/apng,*/*;q=0.8,application/signed-exchange;v=b3;q=0.7
Accept-Encoding: gzip, deflate, br
Accept-Language: en-US,en;q=0.9
Connection: keep-alive
Cookie: id=14791441398148882561; Last-Modified=2024-2-20 17:14:39
Host: 127.0.0.1:8080
Referer: http://127.0.0.1:8080/addition.html
Sec-Fetch-Dest: document
Sec-Fetch-Mode: navigate
Sec-Fetch-Site: same-origin
Sec-Fetch-User: ?1
Upgrade-Insecure-Requests: 1
User-Agent: Mozilla/5.0 (Macintosh; Intel Mac OS X 10_15_7) AppleWebKit/537.36 (KHTML, like Gecko) Chrome/114.0.0.0 Safari/537.36
sec-ch-ua: "Not.A/Brand";v="8", "Chromium";v="114", "Google Chrome";v="114"
sec-ch-ua-mobile: ?0
sec-ch-ua-platform: "macOS"
RefinedBody: -----------Data------------

#---------------------------#

Reading header
EOHFound: 0
#----------Request----------#
Method: GET
Uri: /getarmy.html
HttpVersion: HTTP/1.1
Headers: 
Accept: text/html,application/xhtml+xml,application/xml;q=0.9,image/avif,image/webp,image/apng,*/*;q=0.8,application/signed-exchange;v=b3;q=0.7
Accept-Encoding: gzip, deflate, br
Accept-Language: en-US,en;q=0.9
Connection: keep-alive
Cookie: id=14791441398148882561; Last-Modified=2024-2-20 17:14:53
Host: 127.0.0.1:8080
Referer: http://127.0.0.1:8080/index.html
Sec-Fetch-Dest: document
Sec-Fetch-Mode: navigate
Sec-Fetch-Site: same-origin
Sec-Fetch-User: ?1
Upgrade-Insecure-Requests: 1
User-Agent: Mozilla/5.0 (Macintosh; Intel Mac OS X 10_15_7) AppleWebKit/537.36 (KHTML, like Gecko) Chrome/114.0.0.0 Safari/537.36
sec-ch-ua: "Not.A/Brand";v="8", "Chromium";v="114", "Google Chrome";v="114"
sec-ch-ua-mobile: ?0
sec-ch-ua-platform: "macOS"
RefinedBody: -----------Data------------

#---------------------------#

Reading header
EOHFound: 0
#----------Request----------#
Method: GET
Uri: /img/
HttpVersion: HTTP/1.1
Headers: 
Accept: text/html,application/xhtml+xml,application/xml;q=0.9,image/avif,image/webp,image/apng,*/*;q=0.8,application/signed-exchange;v=b3;q=0.7
Accept-Encoding: gzip, deflate, br
Accept-Language: en-US,en;q=0.9
Connection: keep-alive
Cookie: Last-Modified=2024-2-20 15:46:22; id=14791441398148882561; Last-Modified=2024-2-20 17:15:0
Host: 127.0.0.1:8080
Referer: http://127.0.0.1:8080/getarmy.html
Sec-Fetch-Dest: iframe
Sec-Fetch-Mode: navigate
Sec-Fetch-Site: same-origin
Upgrade-Insecure-Requests: 1
User-Agent: Mozilla/5.0 (Macintosh; Intel Mac OS X 10_15_7) AppleWebKit/537.36 (KHTML, like Gecko) Chrome/114.0.0.0 Safari/537.36
sec-ch-ua: "Not.A/Brand";v="8", "Chromium";v="114", "Google Chrome";v="114"
sec-ch-ua-mobile: ?0
sec-ch-ua-platform: "macOS"
RefinedBody: -----------Data------------

#---------------------------#

Reading header
EOHFound: 0
#----------Request----------#
Method: GET
Uri: /index.html
HttpVersion: HTTP/1.1
Headers: 
Accept: text/html,application/xhtml+xml,application/xml;q=0.9,image/avif,image/webp,image/apng,*/*;q=0.8,application/signed-exchange;v=b3;q=0.7
Accept-Encoding: gzip, deflate, br
Accept-Language: en-US,en;q=0.9
Connection: keep-alive
Cookie: id=14791441398148882561; Last-Modified=2024-2-20 17:15:0
Host: 127.0.0.1:8080
Referer: http://127.0.0.1:8080/getarmy.html
Sec-Fetch-Dest: document
Sec-Fetch-Mode: navigate
Sec-Fetch-Site: same-origin
Sec-Fetch-User: ?1
Upgrade-Insecure-Requests: 1
User-Agent: Mozilla/5.0 (Macintosh; Intel Mac OS X 10_15_7) AppleWebKit/537.36 (KHTML, like Gecko) Chrome/114.0.0.0 Safari/537.36
sec-ch-ua: "Not.A/Brand";v="8", "Chromium";v="114", "Google Chrome";v="114"
sec-ch-ua-mobile: ?0
sec-ch-ua-platform: "macOS"
RefinedBody: -----------Data------------

#---------------------------#

Reading header
EOHFound: 0
#----------Request----------#
Method: GET
Uri: /invade.html
HttpVersion: HTTP/1.1
Headers: 
Accept: text/html,application/xhtml+xml,application/xml;q=0.9,image/avif,image/webp,image/apng,*/*;q=0.8,application/signed-exchange;v=b3;q=0.7
Accept-Encoding: gzip, deflate, br
Accept-Language: en-US,en;q=0.9
Connection: keep-alive
Cookie: id=14791441398148882561; Last-Modified=2024-2-20 17:15:21
Host: 127.0.0.1:8080
Referer: http://127.0.0.1:8080/index.html
Sec-Fetch-Dest: document
Sec-Fetch-Mode: navigate
Sec-Fetch-Site: same-origin
Sec-Fetch-User: ?1
Upgrade-Insecure-Requests: 1
User-Agent: Mozilla/5.0 (Macintosh; Intel Mac OS X 10_15_7) AppleWebKit/537.36 (KHTML, like Gecko) Chrome/114.0.0.0 Safari/537.36
sec-ch-ua: "Not.A/Brand";v="8", "Chromium";v="114", "Google Chrome";v="114"
sec-ch-ua-mobile: ?0
sec-ch-ua-platform: "macOS"
RefinedBody: -----------Data------------

#---------------------------#

Reading header
EOHFound: 0
#----------Request----------#
Method: GET
Uri: /weeee.html
HttpVersion: HTTP/1.1
Headers: 
Accept: text/html,application/xhtml+xml,application/xml;q=0.9,image/avif,image/webp,image/apng,*/*;q=0.8,application/signed-exchange;v=b3;q=0.7
Accept-Encoding: gzip, deflate, br
Accept-Language: en-US,en;q=0.9
Connection: keep-alive
Cookie: id=14791441398148882561; Last-Modified=2024-2-20 17:15:26
Host: 127.0.0.1:8080
Sec-Fetch-Dest: document
Sec-Fetch-Mode: navigate
Sec-Fetch-Site: none
Sec-Fetch-User: ?1
Upgrade-Insecure-Requests: 1
User-Agent: Mozilla/5.0 (Macintosh; Intel Mac OS X 10_15_7) AppleWebKit/537.36 (KHTML, like Gecko) Chrome/114.0.0.0 Safari/537.36
sec-ch-ua: "Not.A/Brand";v="8", "Chromium";v="114", "Google Chrome";v="114"
sec-ch-ua-mobile: ?0
sec-ch-ua-platform: "macOS"
RefinedBody: -----------Data------------

#---------------------------#

Reading header
EOHFound: 0
#----------Request----------#
Method: GET
Uri: /prout.mp3
HttpVersion: HTTP/1.1
Headers: 
Accept: */*
Accept-Encoding: identity;q=1, *;q=0
Accept-Language: en-US,en;q=0.9
Connection: keep-alive
Cookie: id=14791441398148882561; Last-Modified=2024-2-20 17:15:36
Host: 127.0.0.1:8080
Range: bytes=0-
Referer: http://127.0.0.1:8080/weeee.html
Sec-Fetch-Dest: audio
Sec-Fetch-Mode: no-cors
Sec-Fetch-Site: same-origin
User-Agent: Mozilla/5.0 (Macintosh; Intel Mac OS X 10_15_7) AppleWebKit/537.36 (KHTML, like Gecko) Chrome/114.0.0.0 Safari/537.36
sec-ch-ua: "Not.A/Brand";v="8", "Chromium";v="114", "Google Chrome";v="114"
sec-ch-ua-mobile: ?0
sec-ch-ua-platform: "macOS"
RefinedBody: -----------Data------------

#---------------------------#

Reading header
EOHFound: 0
#----------Request----------#
Method: GET
Uri: /prout.mp3
HttpVersion: HTTP/1.1
Headers: 
Accept: */*
Accept-Encoding: identity;q=1, *;q=0
Accept-Language: en-US,en;q=0.9
Connection: keep-alive
Cookie: id=14791441398148882561; Last-Modified=2024-2-20 17:15:36
Host: 127.0.0.1:8080
Range: bytes=0-
Referer: http://127.0.0.1:8080/weeee.html
Sec-Fetch-Dest: audio
Sec-Fetch-Mode: no-cors
Sec-Fetch-Site: same-origin
User-Agent: Mozilla/5.0 (Macintosh; Intel Mac OS X 10_15_7) AppleWebKit/537.36 (KHTML, like Gecko) Chrome/114.0.0.0 Safari/537.36
sec-ch-ua: "Not.A/Brand";v="8", "Chromium";v="114", "Google Chrome";v="114"
sec-ch-ua-mobile: ?0
sec-ch-ua-platform: "macOS"
RefinedBody: -----------Data------------

#---------------------------#

Reading header
EOHFound: 0
#----------Request----------#
Method: GET
Uri: /prout.mp3
HttpVersion: HTTP/1.1
Headers: 
Accept: */*
Accept-Encoding: identity;q=1, *;q=0
Accept-Language: en-US,en;q=0.9
Connection: keep-alive
Cookie: id=14791441398148882561; Last-Modified=2024-2-20 17:15:36
Host: 127.0.0.1:8080
Range: bytes=0-
Referer: http://127.0.0.1:8080/weeee.html
Sec-Fetch-Dest: audio
Sec-Fetch-Mode: no-cors
Sec-Fetch-Site: same-origin
User-Agent: Mozilla/5.0 (Macintosh; Intel Mac OS X 10_15_7) AppleWebKit/537.36 (KHTML, like Gecko) Chrome/114.0.0.0 Safari/537.36
sec-ch-ua: "Not.A/Brand";v="8", "Chromium";v="114", "Google Chrome";v="114"
sec-ch-ua-mobile: ?0
sec-ch-ua-platform: "macOS"
RefinedBody: -----------Data------------

#---------------------------#

Reading header
EOHFound: 0
#----------Request----------#
Method: GET
Uri: /prout.mp3
HttpVersion: HTTP/1.1
Headers: 
Accept: */*
Accept-Encoding: identity;q=1, *;q=0
Accept-Language: en-US,en;q=0.9
Connection: keep-alive
Cookie: id=14791441398148882561; Last-Modified=2024-2-20 17:15:36
Host: 127.0.0.1:8080
Range: bytes=0-
Referer: http://127.0.0.1:8080/weeee.html
Sec-Fetch-Dest: audio
Sec-Fetch-Mode: no-cors
Sec-Fetch-Site: same-origin
User-Agent: Mozilla/5.0 (Macintosh; Intel Mac OS X 10_15_7) AppleWebKit/537.36 (KHTML, like Gecko) Chrome/114.0.0.0 Safari/537.36
sec-ch-ua: "Not.A/Brand";v="8", "Chromium";v="114", "Google Chrome";v="114"
sec-ch-ua-mobile: ?0
sec-ch-ua-platform: "macOS"
RefinedBody: -----------Data------------

#---------------------------#

Reading header
EOHFound: 0
#----------Request----------#
Method: GET
Uri: /prout.mp3
HttpVersion: HTTP/1.1
Headers: 
Accept: */*
Accept-Encoding: identity;q=1, *;q=0
Accept-Language: en-US,en;q=0.9
Connection: keep-alive
Cookie: id=14791441398148882561; Last-Modified=2024-2-20 17:15:36
Host: 127.0.0.1:8080
Range: bytes=0-
Referer: http://127.0.0.1:8080/weeee.html
Sec-Fetch-Dest: audio
Sec-Fetch-Mode: no-cors
Sec-Fetch-Site: same-origin
User-Agent: Mozilla/5.0 (Macintosh; Intel Mac OS X 10_15_7) AppleWebKit/537.36 (KHTML, like Gecko) Chrome/114.0.0.0 Safari/537.36
sec-ch-ua: "Not.A/Brand";v="8", "Chromium";v="114", "Google Chrome";v="114"
sec-ch-ua-mobile: ?0
sec-ch-ua-platform: "macOS"
RefinedBody: -----------Data------------

#---------------------------#

Reading header
EOHFound: 0
#----------Request----------#
Method: GET
Uri: /prout.mp3
HttpVersion: HTTP/1.1
Headers: 
Accept: */*
Accept-Encoding: identity;q=1, *;q=0
Accept-Language: en-US,en;q=0.9
Connection: keep-alive
Cookie: id=14791441398148882561; Last-Modified=2024-2-20 17:15:36
Host: 127.0.0.1:8080
Range: bytes=0-
Referer: http://127.0.0.1:8080/weeee.html
Sec-Fetch-Dest: audio
Sec-Fetch-Mode: no-cors
Sec-Fetch-Site: same-origin
User-Agent: Mozilla/5.0 (Macintosh; Intel Mac OS X 10_15_7) AppleWebKit/537.36 (KHTML, like Gecko) Chrome/114.0.0.0 Safari/537.36
sec-ch-ua: "Not.A/Brand";v="8", "Chromium";v="114", "Google Chrome";v="114"
sec-ch-ua-mobile: ?0
sec-ch-ua-platform: "macOS"
RefinedBody: -----------Data------------

#---------------------------#

Reading header
EOHFound: 0
#----------Request----------#
Method: GET
Uri: /prout.mp3
HttpVersion: HTTP/1.1
Headers: 
Accept: */*
Accept-Encoding: identity;q=1, *;q=0
Accept-Language: en-US,en;q=0.9
Connection: keep-alive
Cookie: id=14791441398148882561; Last-Modified=2024-2-20 17:15:36
Host: 127.0.0.1:8080
Range: bytes=0-
Referer: http://127.0.0.1:8080/weeee.html
Sec-Fetch-Dest: audio
Sec-Fetch-Mode: no-cors
Sec-Fetch-Site: same-origin
User-Agent: Mozilla/5.0 (Macintosh; Intel Mac OS X 10_15_7) AppleWebKit/537.36 (KHTML, like Gecko) Chrome/114.0.0.0 Safari/537.36
sec-ch-ua: "Not.A/Brand";v="8", "Chromium";v="114", "Google Chrome";v="114"
sec-ch-ua-mobile: ?0
sec-ch-ua-platform: "macOS"
RefinedBody: -----------Data------------

#---------------------------#

Reading header
EOHFound: 0
#----------Request----------#
Method: GET
Uri: /prout.mp3
HttpVersion: HTTP/1.1
Headers: 
Accept: */*
Accept-Encoding: identity;q=1, *;q=0
Accept-Language: en-US,en;q=0.9
Connection: keep-alive
Cookie: id=14791441398148882561; Last-Modified=2024-2-20 17:15:36
Host: 127.0.0.1:8080
Range: bytes=0-
Referer: http://127.0.0.1:8080/weeee.html
Sec-Fetch-Dest: audio
Sec-Fetch-Mode: no-cors
Sec-Fetch-Site: same-origin
User-Agent: Mozilla/5.0 (Macintosh; Intel Mac OS X 10_15_7) AppleWebKit/537.36 (KHTML, like Gecko) Chrome/114.0.0.0 Safari/537.36
sec-ch-ua: "Not.A/Brand";v="8", "Chromium";v="114", "Google Chrome";v="114"
sec-ch-ua-mobile: ?0
sec-ch-ua-platform: "macOS"
RefinedBody: -----------Data------------

#---------------------------#

Reading header
EOHFound: 0
#----------Request----------#
Method: GET
Uri: /prout.mp3
HttpVersion: HTTP/1.1
Headers: 
Accept: */*
Accept-Encoding: identity;q=1, *;q=0
Accept-Language: en-US,en;q=0.9
Connection: keep-alive
Cookie: id=14791441398148882561; Last-Modified=2024-2-20 17:15:36
Host: 127.0.0.1:8080
Range: bytes=0-
Referer: http://127.0.0.1:8080/weeee.html
Sec-Fetch-Dest: audio
Sec-Fetch-Mode: no-cors
Sec-Fetch-Site: same-origin
User-Agent: Mozilla/5.0 (Macintosh; Intel Mac OS X 10_15_7) AppleWebKit/537.36 (KHTML, like Gecko) Chrome/114.0.0.0 Safari/537.36
sec-ch-ua: "Not.A/Brand";v="8", "Chromium";v="114", "Google Chrome";v="114"
sec-ch-ua-mobile: ?0
sec-ch-ua-platform: "macOS"
RefinedBody: -----------Data------------

#---------------------------#

Reading header
EOHFound: 0
#----------Request----------#
Method: GET
Uri: /prout.mp3
HttpVersion: HTTP/1.1
Headers: 
Accept: */*
Accept-Encoding: identity;q=1, *;q=0
Accept-Language: en-US,en;q=0.9
Connection: keep-alive
Cookie: id=14791441398148882561; Last-Modified=2024-2-20 17:15:36
Host: 127.0.0.1:8080
Range: bytes=0-
Referer: http://127.0.0.1:8080/weeee.html
Sec-Fetch-Dest: audio
Sec-Fetch-Mode: no-cors
Sec-Fetch-Site: same-origin
User-Agent: Mozilla/5.0 (Macintosh; Intel Mac OS X 10_15_7) AppleWebKit/537.36 (KHTML, like Gecko) Chrome/114.0.0.0 Safari/537.36
sec-ch-ua: "Not.A/Brand";v="8", "Chromium";v="114", "Google Chrome";v="114"
sec-ch-ua-mobile: ?0
sec-ch-ua-platform: "macOS"
RefinedBody: -----------Data------------

#---------------------------#

Reading header
EOHFound: 0
#----------Request----------#
Method: GET
Uri: /prout.mp3
HttpVersion: HTTP/1.1
Headers: 
Accept: */*
Accept-Encoding: identity;q=1, *;q=0
Accept-Language: en-US,en;q=0.9
Connection: keep-alive
Cookie: id=14791441398148882561; Last-Modified=2024-2-20 17:15:36
Host: 127.0.0.1:8080
Range: bytes=0-
Referer: http://127.0.0.1:8080/weeee.html
Sec-Fetch-Dest: audio
Sec-Fetch-Mode: no-cors
Sec-Fetch-Site: same-origin
User-Agent: Mozilla/5.0 (Macintosh; Intel Mac OS X 10_15_7) AppleWebKit/537.36 (KHTML, like Gecko) Chrome/114.0.0.0 Safari/537.36
sec-ch-ua: "Not.A/Brand";v="8", "Chromium";v="114", "Google Chrome";v="114"
sec-ch-ua-mobile: ?0
sec-ch-ua-platform: "macOS"
RefinedBody: -----------Data------------

#---------------------------#

Reading header
EOHFound: 0
#----------Request----------#
Method: GET
Uri: /prout.mp3
HttpVersion: HTTP/1.1
Headers: 
Accept: */*
Accept-Encoding: identity;q=1, *;q=0
Accept-Language: en-US,en;q=0.9
Connection: keep-alive
Cookie: id=14791441398148882561; Last-Modified=2024-2-20 17:15:36
Host: 127.0.0.1:8080
Range: bytes=0-
Referer: http://127.0.0.1:8080/weeee.html
Sec-Fetch-Dest: audio
Sec-Fetch-Mode: no-cors
Sec-Fetch-Site: same-origin
User-Agent: Mozilla/5.0 (Macintosh; Intel Mac OS X 10_15_7) AppleWebKit/537.36 (KHTML, like Gecko) Chrome/114.0.0.0 Safari/537.36
sec-ch-ua: "Not.A/Brand";v="8", "Chromium";v="114", "Google Chrome";v="114"
sec-ch-ua-mobile: ?0
sec-ch-ua-platform: "macOS"
RefinedBody: -----------Data------------

#---------------------------#

Reading header
EOHFound: 0
#----------Request----------#
Method: GET
Uri: /prout.mp3
HttpVersion: HTTP/1.1
Headers: 
Accept: */*
Accept-Encoding: identity;q=1, *;q=0
Accept-Language: en-US,en;q=0.9
Connection: keep-alive
Cookie: id=14791441398148882561; Last-Modified=2024-2-20 17:15:36
Host: 127.0.0.1:8080
Range: bytes=0-
Referer: http://127.0.0.1:8080/weeee.html
Sec-Fetch-Dest: audio
Sec-Fetch-Mode: no-cors
Sec-Fetch-Site: same-origin
User-Agent: Mozilla/5.0 (Macintosh; Intel Mac OS X 10_15_7) AppleWebKit/537.36 (KHTML, like Gecko) Chrome/114.0.0.0 Safari/537.36
sec-ch-ua: "Not.A/Brand";v="8", "Chromium";v="114", "Google Chrome";v="114"
sec-ch-ua-mobile: ?0
sec-ch-ua-platform: "macOS"
RefinedBody: -----------Data------------

#---------------------------#

Reading header
EOHFound: 0
#----------Request----------#
Method: GET
Uri: /prout.mp3
HttpVersion: HTTP/1.1
Headers: 
Accept: */*
Accept-Encoding: identity;q=1, *;q=0
Accept-Language: en-US,en;q=0.9
Connection: keep-alive
Cookie: id=14791441398148882561; Last-Modified=2024-2-20 17:15:36
Host: 127.0.0.1:8080
Range: bytes=0-
Referer: http://127.0.0.1:8080/weeee.html
Sec-Fetch-Dest: audio
Sec-Fetch-Mode: no-cors
Sec-Fetch-Site: same-origin
User-Agent: Mozilla/5.0 (Macintosh; Intel Mac OS X 10_15_7) AppleWebKit/537.36 (KHTML, like Gecko) Chrome/114.0.0.0 Safari/537.36
sec-ch-ua: "Not.A/Brand";v="8", "Chromium";v="114", "Google Chrome";v="114"
sec-ch-ua-mobile: ?0
sec-ch-ua-platform: "macOS"
RefinedBody: -----------Data------------

#---------------------------#

Reading header
EOHFound: 0
#----------Request----------#
Method: GET
Uri: /prout.mp3
HttpVersion: HTTP/1.1
Headers: 
Accept: */*
Accept-Encoding: identity;q=1, *;q=0
Accept-Language: en-US,en;q=0.9
Connection: keep-alive
Cookie: id=14791441398148882561; Last-Modified=2024-2-20 17:15:36
Host: 127.0.0.1:8080
Range: bytes=0-
Referer: http://127.0.0.1:8080/weeee.html
Sec-Fetch-Dest: audio
Sec-Fetch-Mode: no-cors
Sec-Fetch-Site: same-origin
User-Agent: Mozilla/5.0 (Macintosh; Intel Mac OS X 10_15_7) AppleWebKit/537.36 (KHTML, like Gecko) Chrome/114.0.0.0 Safari/537.36
sec-ch-ua: "Not.A/Brand";v="8", "Chromium";v="114", "Google Chrome";v="114"
sec-ch-ua-mobile: ?0
sec-ch-ua-platform: "macOS"
RefinedBody: -----------Data------------

#---------------------------#

Reading header
EOHFound: 0
#----------Request----------#
Method: GET
Uri: /prout.mp3
HttpVersion: HTTP/1.1
Headers: 
Accept: */*
Accept-Encoding: identity;q=1, *;q=0
Accept-Language: en-US,en;q=0.9
Connection: keep-alive
Cookie: id=14791441398148882561; Last-Modified=2024-2-20 17:15:36
Host: 127.0.0.1:8080
Range: bytes=0-
Referer: http://127.0.0.1:8080/weeee.html
Sec-Fetch-Dest: audio
Sec-Fetch-Mode: no-cors
Sec-Fetch-Site: same-origin
User-Agent: Mozilla/5.0 (Macintosh; Intel Mac OS X 10_15_7) AppleWebKit/537.36 (KHTML, like Gecko) Chrome/114.0.0.0 Safari/537.36
sec-ch-ua: "Not.A/Brand";v="8", "Chromium";v="114", "Google Chrome";v="114"
sec-ch-ua-mobile: ?0
sec-ch-ua-platform: "macOS"
RefinedBody: -----------Data------------

#---------------------------#

Reading header
EOHFound: 0
#----------Request----------#
Method: GET
Uri: /prout.mp3
HttpVersion: HTTP/1.1
Headers: 
Accept: */*
Accept-Encoding: identity;q=1, *;q=0
Accept-Language: en-US,en;q=0.9
Connection: keep-alive
Cookie: id=14791441398148882561; Last-Modified=2024-2-20 17:15:36
Host: 127.0.0.1:8080
Range: bytes=0-
Referer: http://127.0.0.1:8080/weeee.html
Sec-Fetch-Dest: audio
Sec-Fetch-Mode: no-cors
Sec-Fetch-Site: same-origin
User-Agent: Mozilla/5.0 (Macintosh; Intel Mac OS X 10_15_7) AppleWebKit/537.36 (KHTML, like Gecko) Chrome/114.0.0.0 Safari/537.36
sec-ch-ua: "Not.A/Brand";v="8", "Chromium";v="114", "Google Chrome";v="114"
sec-ch-ua-mobile: ?0
sec-ch-ua-platform: "macOS"
RefinedBody: -----------Data------------

#---------------------------#

Reading header
EOHFound: 0
#----------Request----------#
Method: GET
Uri: /prout.mp3
HttpVersion: HTTP/1.1
Headers: 
Accept: */*
Accept-Encoding: identity;q=1, *;q=0
Accept-Language: en-US,en;q=0.9
Connection: keep-alive
Cookie: id=14791441398148882561; Last-Modified=2024-2-20 17:15:36
Host: 127.0.0.1:8080
Range: bytes=0-
Referer: http://127.0.0.1:8080/weeee.html
Sec-Fetch-Dest: audio
Sec-Fetch-Mode: no-cors
Sec-Fetch-Site: same-origin
User-Agent: Mozilla/5.0 (Macintosh; Intel Mac OS X 10_15_7) AppleWebKit/537.36 (KHTML, like Gecko) Chrome/114.0.0.0 Safari/537.36
sec-ch-ua: "Not.A/Brand";v="8", "Chromium";v="114", "Google Chrome";v="114"
sec-ch-ua-mobile: ?0
sec-ch-ua-platform: "macOS"
RefinedBody: -----------Data------------

#---------------------------#

Reading header
EOHFound: 0
#----------Request----------#
Method: GET
Uri: /prout.mp3
HttpVersion: HTTP/1.1
Headers: 
Accept: */*
Accept-Encoding: identity;q=1, *;q=0
Accept-Language: en-US,en;q=0.9
Connection: keep-alive
Cookie: id=14791441398148882561; Last-Modified=2024-2-20 17:15:36
Host: 127.0.0.1:8080
Range: bytes=0-
Referer: http://127.0.0.1:8080/weeee.html
Sec-Fetch-Dest: audio
Sec-Fetch-Mode: no-cors
Sec-Fetch-Site: same-origin
User-Agent: Mozilla/5.0 (Macintosh; Intel Mac OS X 10_15_7) AppleWebKit/537.36 (KHTML, like Gecko) Chrome/114.0.0.0 Safari/537.36
sec-ch-ua: "Not.A/Brand";v="8", "Chromium";v="114", "Google Chrome";v="114"
sec-ch-ua-mobile: ?0
sec-ch-ua-platform: "macOS"
RefinedBody: -----------Data------------

#---------------------------#

Reading header
EOHFound: 0
#----------Request----------#
Method: GET
Uri: /prout.mp3
HttpVersion: HTTP/1.1
Headers: 
Accept: */*
Accept-Encoding: identity;q=1, *;q=0
Accept-Language: en-US,en;q=0.9
Connection: keep-alive
Cookie: id=14791441398148882561; Last-Modified=2024-2-20 17:15:36
Host: 127.0.0.1:8080
Range: bytes=0-
Referer: http://127.0.0.1:8080/weeee.html
Sec-Fetch-Dest: audio
Sec-Fetch-Mode: no-cors
Sec-Fetch-Site: same-origin
User-Agent: Mozilla/5.0 (Macintosh; Intel Mac OS X 10_15_7) AppleWebKit/537.36 (KHTML, like Gecko) Chrome/114.0.0.0 Safari/537.36
sec-ch-ua: "Not.A/Brand";v="8", "Chromium";v="114", "Google Chrome";v="114"
sec-ch-ua-mobile: ?0
sec-ch-ua-platform: "macOS"
RefinedBody: -----------Data------------

#---------------------------#

Reading header
EOHFound: 0
#----------Request----------#
Method: GET
Uri: /prout.mp3
HttpVersion: HTTP/1.1
Headers: 
Accept: */*
Accept-Encoding: identity;q=1, *;q=0
Accept-Language: en-US,en;q=0.9
Connection: keep-alive
Cookie: id=14791441398148882561; Last-Modified=2024-2-20 17:15:36
Host: 127.0.0.1:8080
Range: bytes=0-
Referer: http://127.0.0.1:8080/weeee.html
Sec-Fetch-Dest: audio
Sec-Fetch-Mode: no-cors
Sec-Fetch-Site: same-origin
User-Agent: Mozilla/5.0 (Macintosh; Intel Mac OS X 10_15_7) AppleWebKit/537.36 (KHTML, like Gecko) Chrome/114.0.0.0 Safari/537.36
sec-ch-ua: "Not.A/Brand";v="8", "Chromium";v="114", "Google Chrome";v="114"
sec-ch-ua-mobile: ?0
sec-ch-ua-platform: "macOS"
RefinedBody: -----------Data------------

#---------------------------#

Reading header
EOHFound: 0
#----------Request----------#
Method: GET
Uri: /prout.mp3
HttpVersion: HTTP/1.1
Headers: 
Accept: */*
Accept-Encoding: identity;q=1, *;q=0
Accept-Language: en-US,en;q=0.9
Connection: keep-alive
Cookie: id=14791441398148882561; Last-Modified=2024-2-20 17:15:36
Host: 127.0.0.1:8080
Range: bytes=0-
Referer: http://127.0.0.1:8080/weeee.html
Sec-Fetch-Dest: audio
Sec-Fetch-Mode: no-cors
Sec-Fetch-Site: same-origin
User-Agent: Mozilla/5.0 (Macintosh; Intel Mac OS X 10_15_7) AppleWebKit/537.36 (KHTML, like Gecko) Chrome/114.0.0.0 Safari/537.36
sec-ch-ua: "Not.A/Brand";v="8", "Chromium";v="114", "Google Chrome";v="114"
sec-ch-ua-mobile: ?0
sec-ch-ua-platform: "macOS"
RefinedBody: -----------Data------------

#---------------------------#

Reading header
EOHFound: 0
#----------Request----------#
Method: GET
Uri: /prout.mp3
HttpVersion: HTTP/1.1
Headers: 
Accept: */*
Accept-Encoding: identity;q=1, *;q=0
Accept-Language: en-US,en;q=0.9
Connection: keep-alive
Cookie: id=14791441398148882561; Last-Modified=2024-2-20 17:15:36
Host: 127.0.0.1:8080
Range: bytes=0-
Referer: http://127.0.0.1:8080/weeee.html
Sec-Fetch-Dest: audio
Sec-Fetch-Mode: no-cors
Sec-Fetch-Site: same-origin
User-Agent: Mozilla/5.0 (Macintosh; Intel Mac OS X 10_15_7) AppleWebKit/537.36 (KHTML, like Gecko) Chrome/114.0.0.0 Safari/537.36
sec-ch-ua: "Not.A/Brand";v="8", "Chromium";v="114", "Google Chrome";v="114"
sec-ch-ua-mobile: ?0
sec-ch-ua-platform: "macOS"
RefinedBody: -----------Data------------

#---------------------------#

Reading header
EOHFound: 0
#----------Request----------#
Method: GET
Uri: /prout.mp3
HttpVersion: HTTP/1.1
Headers: 
Accept: */*
Accept-Encoding: identity;q=1, *;q=0
Accept-Language: en-US,en;q=0.9
Connection: keep-alive
Cookie: id=14791441398148882561; Last-Modified=2024-2-20 17:15:36
Host: 127.0.0.1:8080
Range: bytes=0-
Referer: http://127.0.0.1:8080/weeee.html
Sec-Fetch-Dest: audio
Sec-Fetch-Mode: no-cors
Sec-Fetch-Site: same-origin
User-Agent: Mozilla/5.0 (Macintosh; Intel Mac OS X 10_15_7) AppleWebKit/537.36 (KHTML, like Gecko) Chrome/114.0.0.0 Safari/537.36
sec-ch-ua: "Not.A/Brand";v="8", "Chromium";v="114", "Google Chrome";v="114"
sec-ch-ua-mobile: ?0
sec-ch-ua-platform: "macOS"
RefinedBody: -----------Data------------

#---------------------------#

Reading header
EOHFound: 0
#----------Request----------#
Method: GET
Uri: /prout.mp3
HttpVersion: HTTP/1.1
Headers: 
Accept: */*
Accept-Encoding: identity;q=1, *;q=0
Accept-Language: en-US,en;q=0.9
Connection: keep-alive
Cookie: id=14791441398148882561; Last-Modified=2024-2-20 17:15:36
Host: 127.0.0.1:8080
Range: bytes=0-
Referer: http://127.0.0.1:8080/weeee.html
Sec-Fetch-Dest: audio
Sec-Fetch-Mode: no-cors
Sec-Fetch-Site: same-origin
User-Agent: Mozilla/5.0 (Macintosh; Intel Mac OS X 10_15_7) AppleWebKit/537.36 (KHTML, like Gecko) Chrome/114.0.0.0 Safari/537.36
sec-ch-ua: "Not.A/Brand";v="8", "Chromium";v="114", "Google Chrome";v="114"
sec-ch-ua-mobile: ?0
sec-ch-ua-platform: "macOS"
RefinedBody: -----------Data------------

#---------------------------#

Reading header
EOHFound: 0
#----------Request----------#
Method: GET
Uri: /prout.mp3
HttpVersion: HTTP/1.1
Headers: 
Accept: */*
Accept-Encoding: identity;q=1, *;q=0
Accept-Language: en-US,en;q=0.9
Connection: keep-alive
Cookie: id=14791441398148882561; Last-Modified=2024-2-20 17:15:36
Host: 127.0.0.1:8080
Range: bytes=0-
Referer: http://127.0.0.1:8080/weeee.html
Sec-Fetch-Dest: audio
Sec-Fetch-Mode: no-cors
Sec-Fetch-Site: same-origin
User-Agent: Mozilla/5.0 (Macintosh; Intel Mac OS X 10_15_7) AppleWebKit/537.36 (KHTML, like Gecko) Chrome/114.0.0.0 Safari/537.36
sec-ch-ua: "Not.A/Brand";v="8", "Chromium";v="114", "Google Chrome";v="114"
sec-ch-ua-mobile: ?0
sec-ch-ua-platform: "macOS"
RefinedBody: -----------Data------------

#---------------------------#

Reading header
EOHFound: 0
#----------Request----------#
Method: GET
Uri: /prout.mp3
HttpVersion: HTTP/1.1
Headers: 
Accept: */*
Accept-Encoding: identity;q=1, *;q=0
Accept-Language: en-US,en;q=0.9
Connection: keep-alive
Cookie: id=14791441398148882561; Last-Modified=2024-2-20 17:15:36
Host: 127.0.0.1:8080
Range: bytes=0-
Referer: http://127.0.0.1:8080/weeee.html
Sec-Fetch-Dest: audio
Sec-Fetch-Mode: no-cors
Sec-Fetch-Site: same-origin
User-Agent: Mozilla/5.0 (Macintosh; Intel Mac OS X 10_15_7) AppleWebKit/537.36 (KHTML, like Gecko) Chrome/114.0.0.0 Safari/537.36
sec-ch-ua: "Not.A/Brand";v="8", "Chromium";v="114", "Google Chrome";v="114"
sec-ch-ua-mobile: ?0
sec-ch-ua-platform: "macOS"
RefinedBody: -----------Data------------

#---------------------------#

Reading header
EOHFound: 0
#----------Request----------#
Method: GET
Uri: /prout.mp3
HttpVersion: HTTP/1.1
Headers: 
Accept: */*
Accept-Encoding: identity;q=1, *;q=0
Accept-Language: en-US,en;q=0.9
Connection: keep-alive
Cookie: id=14791441398148882561; Last-Modified=2024-2-20 17:15:36
Host: 127.0.0.1:8080
Range: bytes=0-
Referer: http://127.0.0.1:8080/weeee.html
Sec-Fetch-Dest: audio
Sec-Fetch-Mode: no-cors
Sec-Fetch-Site: same-origin
User-Agent: Mozilla/5.0 (Macintosh; Intel Mac OS X 10_15_7) AppleWebKit/537.36 (KHTML, like Gecko) Chrome/114.0.0.0 Safari/537.36
sec-ch-ua: "Not.A/Brand";v="8", "Chromium";v="114", "Google Chrome";v="114"
sec-ch-ua-mobile: ?0
sec-ch-ua-platform: "macOS"
RefinedBody: -----------Data------------

#---------------------------#

Reading header
EOHFound: 0
#----------Request----------#
Method: GET
Uri: /prout.mp3
HttpVersion: HTTP/1.1
Headers: 
Accept: */*
Accept-Encoding: identity;q=1, *;q=0
Accept-Language: en-US,en;q=0.9
Connection: keep-alive
Cookie: id=14791441398148882561; Last-Modified=2024-2-20 17:15:36
Host: 127.0.0.1:8080
Range: bytes=0-
Referer: http://127.0.0.1:8080/weeee.html
Sec-Fetch-Dest: audio
Sec-Fetch-Mode: no-cors
Sec-Fetch-Site: same-origin
User-Agent: Mozilla/5.0 (Macintosh; Intel Mac OS X 10_15_7) AppleWebKit/537.36 (KHTML, like Gecko) Chrome/114.0.0.0 Safari/537.36
sec-ch-ua: "Not.A/Brand";v="8", "Chromium";v="114", "Google Chrome";v="114"
sec-ch-ua-mobile: ?0
sec-ch-ua-platform: "macOS"
RefinedBody: -----------Data------------

#---------------------------#

Reading header
EOHFound: 0
#----------Request----------#
Method: GET
Uri: /prout.mp3
HttpVersion: HTTP/1.1
Headers: 
Accept: */*
Accept-Encoding: identity;q=1, *;q=0
Accept-Language: en-US,en;q=0.9
Connection: keep-alive
Cookie: id=14791441398148882561; Last-Modified=2024-2-20 17:15:36
Host: 127.0.0.1:8080
Range: bytes=0-
Referer: http://127.0.0.1:8080/weeee.html
Sec-Fetch-Dest: audio
Sec-Fetch-Mode: no-cors
Sec-Fetch-Site: same-origin
User-Agent: Mozilla/5.0 (Macintosh; Intel Mac OS X 10_15_7) AppleWebKit/537.36 (KHTML, like Gecko) Chrome/114.0.0.0 Safari/537.36
sec-ch-ua: "Not.A/Brand";v="8", "Chromium";v="114", "Google Chrome";v="114"
sec-ch-ua-mobile: ?0
sec-ch-ua-platform: "macOS"
RefinedBody: -----------Data------------

#---------------------------#

Reading header
EOHFound: 0
#----------Request----------#
Method: GET
Uri: /prout.mp3
HttpVersion: HTTP/1.1
Headers: 
Accept: */*
Accept-Encoding: identity;q=1, *;q=0
Accept-Language: en-US,en;q=0.9
Connection: keep-alive
Cookie: id=14791441398148882561; Last-Modified=2024-2-20 17:15:36
Host: 127.0.0.1:8080
Range: bytes=0-
Referer: http://127.0.0.1:8080/weeee.html
Sec-Fetch-Dest: audio
Sec-Fetch-Mode: no-cors
Sec-Fetch-Site: same-origin
User-Agent: Mozilla/5.0 (Macintosh; Intel Mac OS X 10_15_7) AppleWebKit/537.36 (KHTML, like Gecko) Chrome/114.0.0.0 Safari/537.36
sec-ch-ua: "Not.A/Brand";v="8", "Chromium";v="114", "Google Chrome";v="114"
sec-ch-ua-mobile: ?0
sec-ch-ua-platform: "macOS"
RefinedBody: -----------Data------------

#---------------------------#

Reading header
EOHFound: 0
#----------Request----------#
Method: GET
Uri: /prout.mp3
HttpVersion: HTTP/1.1
Headers: 
Accept: */*
Accept-Encoding: identity;q=1, *;q=0
Accept-Language: en-US,en;q=0.9
Connection: keep-alive
Cookie: id=14791441398148882561; Last-Modified=2024-2-20 17:15:36
Host: 127.0.0.1:8080
Range: bytes=0-
Referer: http://127.0.0.1:8080/weeee.html
Sec-Fetch-Dest: audio
Sec-Fetch-Mode: no-cors
Sec-Fetch-Site: same-origin
User-Agent: Mozilla/5.0 (Macintosh; Intel Mac OS X 10_15_7) AppleWebKit/537.36 (KHTML, like Gecko) Chrome/114.0.0.0 Safari/537.36
sec-ch-ua: "Not.A/Brand";v="8", "Chromium";v="114", "Google Chrome";v="114"
sec-ch-ua-mobile: ?0
sec-ch-ua-platform: "macOS"
RefinedBody: -----------Data------------

#---------------------------#

Reading header
EOHFound: 0
#----------Request----------#
Method: GET
Uri: /prout.mp3
HttpVersion: HTTP/1.1
Headers: 
Accept: */*
Accept-Encoding: identity;q=1, *;q=0
Accept-Language: en-US,en;q=0.9
Connection: keep-alive
Cookie: id=14791441398148882561; Last-Modified=2024-2-20 17:15:36
Host: 127.0.0.1:8080
Range: bytes=0-
Referer: http://127.0.0.1:8080/weeee.html
Sec-Fetch-Dest: audio
Sec-Fetch-Mode: no-cors
Sec-Fetch-Site: same-origin
User-Agent: Mozilla/5.0 (Macintosh; Intel Mac OS X 10_15_7) AppleWebKit/537.36 (KHTML, like Gecko) Chrome/114.0.0.0 Safari/537.36
sec-ch-ua: "Not.A/Brand";v="8", "Chromium";v="114", "Google Chrome";v="114"
sec-ch-ua-mobile: ?0
sec-ch-ua-platform: "macOS"
RefinedBody: -----------Data------------

#---------------------------#

Reading header
EOHFound: 0
#----------Request----------#
Method: GET
Uri: /prout.mp3
HttpVersion: HTTP/1.1
Headers: 
Accept: */*
Accept-Encoding: identity;q=1, *;q=0
Accept-Language: en-US,en;q=0.9
Connection: keep-alive
Cookie: id=14791441398148882561; Last-Modified=2024-2-20 17:15:36
Host: 127.0.0.1:8080
Range: bytes=0-
Referer: http://127.0.0.1:8080/weeee.html
Sec-Fetch-Dest: audio
Sec-Fetch-Mode: no-cors
Sec-Fetch-Site: same-origin
User-Agent: Mozilla/5.0 (Macintosh; Intel Mac OS X 10_15_7) AppleWebKit/537.36 (KHTML, like Gecko) Chrome/114.0.0.0 Safari/537.36
sec-ch-ua: "Not.A/Brand";v="8", "Chromium";v="114", "Google Chrome";v="114"
sec-ch-ua-mobile: ?0
sec-ch-ua-platform: "macOS"
RefinedBody: -----------Data------------

#---------------------------#

Reading header
EOHFound: 0
#----------Request----------#
Method: GET
Uri: /prout.mp3
HttpVersion: HTTP/1.1
Headers: 
Accept: */*
Accept-Encoding: identity;q=1, *;q=0
Accept-Language: en-US,en;q=0.9
Connection: keep-alive
Cookie: id=14791441398148882561; Last-Modified=2024-2-20 17:15:36
Host: 127.0.0.1:8080
Range: bytes=0-
Referer: http://127.0.0.1:8080/weeee.html
Sec-Fetch-Dest: audio
Sec-Fetch-Mode: no-cors
Sec-Fetch-Site: same-origin
User-Agent: Mozilla/5.0 (Macintosh; Intel Mac OS X 10_15_7) AppleWebKit/537.36 (KHTML, like Gecko) Chrome/114.0.0.0 Safari/537.36
sec-ch-ua: "Not.A/Brand";v="8", "Chromium";v="114", "Google Chrome";v="114"
sec-ch-ua-mobile: ?0
sec-ch-ua-platform: "macOS"
RefinedBody: -----------Data------------

#---------------------------#

Reading header
EOHFound: 0
#----------Request----------#
Method: GET
Uri: /prout.mp3
HttpVersion: HTTP/1.1
Headers: 
Accept: */*
Accept-Encoding: identity;q=1, *;q=0
Accept-Language: en-US,en;q=0.9
Connection: keep-alive
Cookie: id=14791441398148882561; Last-Modified=2024-2-20 17:15:36
Host: 127.0.0.1:8080
Range: bytes=0-
Referer: http://127.0.0.1:8080/weeee.html
Sec-Fetch-Dest: audio
Sec-Fetch-Mode: no-cors
Sec-Fetch-Site: same-origin
User-Agent: Mozilla/5.0 (Macintosh; Intel Mac OS X 10_15_7) AppleWebKit/537.36 (KHTML, like Gecko) Chrome/114.0.0.0 Safari/537.36
sec-ch-ua: "Not.A/Brand";v="8", "Chromium";v="114", "Google Chrome";v="114"
sec-ch-ua-mobile: ?0
sec-ch-ua-platform: "macOS"
RefinedBody: -----------Data------------

#---------------------------#

Reading header
EOHFound: 0
#----------Request----------#
Method: GET
Uri: /prout.mp3
HttpVersion: HTTP/1.1
Headers: 
Accept: */*
Accept-Encoding: identity;q=1, *;q=0
Accept-Language: en-US,en;q=0.9
Connection: keep-alive
Cookie: id=14791441398148882561; Last-Modified=2024-2-20 17:15:36
Host: 127.0.0.1:8080
Range: bytes=0-
Referer: http://127.0.0.1:8080/weeee.html
Sec-Fetch-Dest: audio
Sec-Fetch-Mode: no-cors
Sec-Fetch-Site: same-origin
User-Agent: Mozilla/5.0 (Macintosh; Intel Mac OS X 10_15_7) AppleWebKit/537.36 (KHTML, like Gecko) Chrome/114.0.0.0 Safari/537.36
sec-ch-ua: "Not.A/Brand";v="8", "Chromium";v="114", "Google Chrome";v="114"
sec-ch-ua-mobile: ?0
sec-ch-ua-platform: "macOS"
RefinedBody: -----------Data------------

#---------------------------#

Reading header
EOHFound: 0
#----------Request----------#
Method: GET
Uri: /prout.mp3
HttpVersion: HTTP/1.1
Headers: 
Accept: */*
Accept-Encoding: identity;q=1, *;q=0
Accept-Language: en-US,en;q=0.9
Connection: keep-alive
Cookie: id=14791441398148882561; Last-Modified=2024-2-20 17:15:36
Host: 127.0.0.1:8080
Range: bytes=0-
Referer: http://127.0.0.1:8080/weeee.html
Sec-Fetch-Dest: audio
Sec-Fetch-Mode: no-cors
Sec-Fetch-Site: same-origin
User-Agent: Mozilla/5.0 (Macintosh; Intel Mac OS X 10_15_7) AppleWebKit/537.36 (KHTML, like Gecko) Chrome/114.0.0.0 Safari/537.36
sec-ch-ua: "Not.A/Brand";v="8", "Chromium";v="114", "Google Chrome";v="114"
sec-ch-ua-mobile: ?0
sec-ch-ua-platform: "macOS"
RefinedBody: -----------Data------------

#---------------------------#

Reading header
EOHFound: 0
#----------Request----------#
Method: GET
Uri: /prout.mp3
HttpVersion: HTTP/1.1
Headers: 
Accept: */*
Accept-Encoding: identity;q=1, *;q=0
Accept-Language: en-US,en;q=0.9
Connection: keep-alive
Cookie: id=14791441398148882561; Last-Modified=2024-2-20 17:15:36
Host: 127.0.0.1:8080
Range: bytes=0-
Referer: http://127.0.0.1:8080/weeee.html
Sec-Fetch-Dest: audio
Sec-Fetch-Mode: no-cors
Sec-Fetch-Site: same-origin
User-Agent: Mozilla/5.0 (Macintosh; Intel Mac OS X 10_15_7) AppleWebKit/537.36 (KHTML, like Gecko) Chrome/114.0.0.0 Safari/537.36
sec-ch-ua: "Not.A/Brand";v="8", "Chromium";v="114", "Google Chrome";v="114"
sec-ch-ua-mobile: ?0
sec-ch-ua-platform: "macOS"
RefinedBody: -----------Data------------

#---------------------------#

Reading header
EOHFound: 0
#----------Request----------#
Method: GET
Uri: /prout.mp3
HttpVersion: HTTP/1.1
Headers: 
Accept: */*
Accept-Encoding: identity;q=1, *;q=0
Accept-Language: en-US,en;q=0.9
Connection: keep-alive
Cookie: id=14791441398148882561; Last-Modified=2024-2-20 17:15:36
Host: 127.0.0.1:8080
Range: bytes=0-
Referer: http://127.0.0.1:8080/weeee.html
Sec-Fetch-Dest: audio
Sec-Fetch-Mode: no-cors
Sec-Fetch-Site: same-origin
User-Agent: Mozilla/5.0 (Macintosh; Intel Mac OS X 10_15_7) AppleWebKit/537.36 (KHTML, like Gecko) Chrome/114.0.0.0 Safari/537.36
sec-ch-ua: "Not.A/Brand";v="8", "Chromium";v="114", "Google Chrome";v="114"
sec-ch-ua-mobile: ?0
sec-ch-ua-platform: "macOS"
RefinedBody: -----------Data------------

#---------------------------#

Reading header
EOHFound: 0
#----------Request----------#
Method: GET
Uri: /
HttpVersion: HTTP/1.1
Headers: 
Accept: text/html,application/xhtml+xml,application/xml;q=0.9,image/avif,image/webp,image/apng,*/*;q=0.8,application/signed-exchange;v=b3;q=0.7
Accept-Encoding: gzip, deflate, br
Accept-Language: en-US,en;q=0.9
Connection: keep-alive
Cookie: id=14791441398148882561; Last-Modified=2024-2-20 17:15:36
Host: 127.0.0.1:8080
Sec-Fetch-Dest: document
Sec-Fetch-Mode: navigate
Sec-Fetch-Site: none
Sec-Fetch-User: ?1
Upgrade-Insecure-Requests: 1
User-Agent: Mozilla/5.0 (Macintosh; Intel Mac OS X 10_15_7) AppleWebKit/537.36 (KHTML, like Gecko) Chrome/114.0.0.0 Safari/537.36
sec-ch-ua: "Not.A/Brand";v="8", "Chromium";v="114", "Google Chrome";v="114"
sec-ch-ua-mobile: ?0
sec-ch-ua-platform: "macOS"
RefinedBody: -----------Data------------

#---------------------------#

Reading header
EOHFound: 0
#----------Request----------#
Method: GET
Uri: /
HttpVersion: HTTP/1.1
Headers: 
Accept: text/html,application/xhtml+xml,application/xml;q=0.9,image/avif,image/webp,image/apng,*/*;q=0.8,application/signed-exchange;v=b3;q=0.7
Accept-Encoding: gzip, deflate, br
Accept-Language: en-US,en;q=0.9
Cache-Control: max-age=0
Connection: keep-alive
Cookie: id=14791441398148882561; Last-Modified=2024-2-20 17:15:51
Host: 127.0.0.1:8080
Sec-Fetch-Dest: document
Sec-Fetch-Mode: navigate
Sec-Fetch-Site: none
Sec-Fetch-User: ?1
Upgrade-Insecure-Requests: 1
User-Agent: Mozilla/5.0 (Macintosh; Intel Mac OS X 10_15_7) AppleWebKit/537.36 (KHTML, like Gecko) Chrome/114.0.0.0 Safari/537.36
sec-ch-ua: "Not.A/Brand";v="8", "Chromium";v="114", "Google Chrome";v="114"
sec-ch-ua-mobile: ?0
sec-ch-ua-platform: "macOS"
RefinedBody: -----------Data------------

#---------------------------#

Reading header
EOHFound: 0
#----------Request----------#
Method: GET
Uri: /vache.html
HttpVersion: HTTP/1.1
Headers: 
Accept: text/html,application/xhtml+xml,application/xml;q=0.9,image/avif,image/webp,image/apng,*/*;q=0.8,application/signed-exchange;v=b3;q=0.7
Accept-Encoding: gzip, deflate, br
Accept-Language: en-US,en;q=0.9
Connection: keep-alive
Cookie: id=14791441398148882561; Last-Modified=2024-2-20 17:16:0
Host: 127.0.0.1:8080
Purpose: prefetch
Sec-Fetch-Dest: document
Sec-Fetch-Mode: navigate
Sec-Fetch-Site: none
Sec-Fetch-User: ?1
Sec-Purpose: prefetch;prerender
Upgrade-Insecure-Requests: 1
User-Agent: Mozilla/5.0 (Macintosh; Intel Mac OS X 10_15_7) AppleWebKit/537.36 (KHTML, like Gecko) Chrome/114.0.0.0 Safari/537.36
sec-ch-ua: "Not.A/Brand";v="8", "Chromium";v="114", "Google Chrome";v="114"
sec-ch-ua-mobile: ?0
sec-ch-ua-platform: "macOS"
RefinedBody: -----------Data------------

#---------------------------#

Reading header
EOHFound: 0
#----------Request----------#
Method: GET
Uri: /favicon.ico
HttpVersion: HTTP/1.1
Headers: 
Accept: image/avif,image/webp,image/apng,image/svg+xml,image/*,*/*;q=0.8
Accept-Encoding: gzip, deflate, br
Accept-Language: en-US,en;q=0.9
Connection: keep-alive
Cookie: id=14791441398148882561; Last-Modified=2024-2-20 17:16:6
Host: 127.0.0.1:8080
Referer: http://127.0.0.1:8080/vache.html
Sec-Fetch-Dest: image
Sec-Fetch-Mode: no-cors
Sec-Fetch-Site: same-origin
User-Agent: Mozilla/5.0 (Macintosh; Intel Mac OS X 10_15_7) AppleWebKit/537.36 (KHTML, like Gecko) Chrome/114.0.0.0 Safari/537.36
sec-ch-ua: "Not.A/Brand";v="8", "Chromium";v="114", "Google Chrome";v="114"
sec-ch-ua-mobile: ?0
sec-ch-ua-platform: "macOS"
RefinedBody: -----------Data------------

#---------------------------#

Reading header
EOHFound: 0
#----------Request----------#
Method: GET
Uri: /hgfdjhfdhfhtrd
HttpVersion: HTTP/1.1
Headers: 
Accept: text/html,application/xhtml+xml,application/xml;q=0.9,image/avif,image/webp,image/apng,*/*;q=0.8,application/signed-exchange;v=b3;q=0.7
Accept-Encoding: gzip, deflate, br
Accept-Language: en-US,en;q=0.9
Connection: keep-alive
Cookie: id=14791441398148882561; Last-Modified=2024-2-20 17:16:6
Host: 127.0.0.1:8080
Sec-Fetch-Dest: document
Sec-Fetch-Mode: navigate
Sec-Fetch-Site: none
Sec-Fetch-User: ?1
Upgrade-Insecure-Requests: 1
User-Agent: Mozilla/5.0 (Macintosh; Intel Mac OS X 10_15_7) AppleWebKit/537.36 (KHTML, like Gecko) Chrome/114.0.0.0 Safari/537.36
sec-ch-ua: "Not.A/Brand";v="8", "Chromium";v="114", "Google Chrome";v="114"
sec-ch-ua-mobile: ?0
sec-ch-ua-platform: "macOS"
RefinedBody: -----------Data------------

#---------------------------#

Reading header
EOHFound: 0
#----------Request----------#
Method: GET
Uri: /img
HttpVersion: HTTP/1.1
Headers: 
Accept: text/html,application/xhtml+xml,application/xml;q=0.9,image/avif,image/webp,image/apng,*/*;q=0.8,application/signed-exchange;v=b3;q=0.7
Accept-Encoding: gzip, deflate, br
Accept-Language: en-US,en;q=0.9
Connection: keep-alive
Cookie: Last-Modified=2024-2-20 17:15:0; id=14791441398148882561; Last-Modified=2024-2-20 17:16:6
Host: 127.0.0.1:8080
Sec-Fetch-Dest: document
Sec-Fetch-Mode: navigate
Sec-Fetch-Site: none
Sec-Fetch-User: ?1
Upgrade-Insecure-Requests: 1
User-Agent: Mozilla/5.0 (Macintosh; Intel Mac OS X 10_15_7) AppleWebKit/537.36 (KHTML, like Gecko) Chrome/114.0.0.0 Safari/537.36
sec-ch-ua: "Not.A/Brand";v="8", "Chromium";v="114", "Google Chrome";v="114"
sec-ch-ua-mobile: ?0
sec-ch-ua-platform: "macOS"
RefinedBody: -----------Data------------

#---------------------------#

Reading header
EOHFound: 0
#----------Request----------#
Method: GET
Uri: /img/
HttpVersion: HTTP/1.1
Headers: 
Accept: text/html,application/xhtml+xml,application/xml;q=0.9,image/avif,image/webp,image/apng,*/*;q=0.8,application/signed-exchange;v=b3;q=0.7
Accept-Encoding: gzip, deflate, br
Accept-Language: en-US,en;q=0.9
Connection: keep-alive
Cookie: Last-Modified=2024-2-20 17:15:0; id=14791441398148882561; Last-Modified=2024-2-20 17:17:36
Host: 127.0.0.1:8080
Sec-Fetch-Dest: document
Sec-Fetch-Mode: navigate
Sec-Fetch-Site: none
Sec-Fetch-User: ?1
Upgrade-Insecure-Requests: 1
User-Agent: Mozilla/5.0 (Macintosh; Intel Mac OS X 10_15_7) AppleWebKit/537.36 (KHTML, like Gecko) Chrome/114.0.0.0 Safari/537.36
sec-ch-ua: "Not.A/Brand";v="8", "Chromium";v="114", "Google Chrome";v="114"
sec-ch-ua-mobile: ?0
sec-ch-ua-platform: "macOS"
RefinedBody: -----------Data------------

#---------------------------#

Reading header
EOHFound: 0
#----------Request----------#
Method: GET
Uri: /img
HttpVersion: HTTP/1.1
Headers: 
Accept: text/html,application/xhtml+xml,application/xml;q=0.9,image/avif,image/webp,image/apng,*/*;q=0.8,application/signed-exchange;v=b3;q=0.7
Accept-Encoding: gzip, deflate, br
Accept-Language: en-US,en;q=0.9
Connection: keep-alive
Cookie: Last-Modified=2024-2-20 17:17:48; id=14791441398148882561; Last-Modified=2024-2-20 17:17:36
Host: 127.0.0.1:8080
Sec-Fetch-Dest: document
Sec-Fetch-Mode: navigate
Sec-Fetch-Site: none
Sec-Fetch-User: ?1
Upgrade-Insecure-Requests: 1
User-Agent: Mozilla/5.0 (Macintosh; Intel Mac OS X 10_15_7) AppleWebKit/537.36 (KHTML, like Gecko) Chrome/114.0.0.0 Safari/537.36
sec-ch-ua: "Not.A/Brand";v="8", "Chromium";v="114", "Google Chrome";v="114"
sec-ch-ua-mobile: ?0
sec-ch-ua-platform: "macOS"
RefinedBody: -----------Data------------

#---------------------------#

Reading header
EOHFound: 0
#----------Request----------#
Method: GET
Uri: /img/
HttpVersion: HTTP/1.1
Headers: 
Accept: text/html,application/xhtml+xml,application/xml;q=0.9,image/avif,image/webp,image/apng,*/*;q=0.8,application/signed-exchange;v=b3;q=0.7
Accept-Encoding: gzip, deflate, br
Accept-Language: en-US,en;q=0.9
Connection: keep-alive
Cookie: Last-Modified=2024-2-20 17:17:48; id=14791441398148882561; Last-Modified=2024-2-20 17:17:50
Host: 127.0.0.1:8080
Purpose: prefetch
Sec-Fetch-Dest: document
Sec-Fetch-Mode: navigate
Sec-Fetch-Site: none
Sec-Fetch-User: ?1
Sec-Purpose: prefetch;prerender
Upgrade-Insecure-Requests: 1
User-Agent: Mozilla/5.0 (Macintosh; Intel Mac OS X 10_15_7) AppleWebKit/537.36 (KHTML, like Gecko) Chrome/114.0.0.0 Safari/537.36
sec-ch-ua: "Not.A/Brand";v="8", "Chromium";v="114", "Google Chrome";v="114"
sec-ch-ua-mobile: ?0
sec-ch-ua-platform: "macOS"
RefinedBody: -----------Data------------

#---------------------------#

Reading header
EOHFound: 0
#----------Request----------#
Method: GET
Uri: /img
HttpVersion: HTTP/1.1
Headers: 
Accept: text/html,application/xhtml+xml,application/xml;q=0.9,image/avif,image/webp,image/apng,*/*;q=0.8,application/signed-exchange;v=b3;q=0.7
Accept-Encoding: gzip, deflate, br
Accept-Language: en-US,en;q=0.9
Connection: keep-alive
Cookie: Last-Modified=2024-2-20 17:17:52; id=14791441398148882561; Last-Modified=2024-2-20 17:17:50
Host: 127.0.0.1:8080
Sec-Fetch-Dest: document
Sec-Fetch-Mode: navigate
Sec-Fetch-Site: none
Sec-Fetch-User: ?1
Upgrade-Insecure-Requests: 1
User-Agent: Mozilla/5.0 (Macintosh; Intel Mac OS X 10_15_7) AppleWebKit/537.36 (KHTML, like Gecko) Chrome/114.0.0.0 Safari/537.36
sec-ch-ua: "Not.A/Brand";v="8", "Chromium";v="114", "Google Chrome";v="114"
sec-ch-ua-mobile: ?0
sec-ch-ua-platform: "macOS"
RefinedBody: -----------Data------------

#---------------------------#

Reading header
EOHFound: 0
#----------Request----------#
Method: GET
Uri: /img/
HttpVersion: HTTP/1.1
Headers: 
Accept: text/html,application/xhtml+xml,application/xml;q=0.9,image/avif,image/webp,image/apng,*/*;q=0.8,application/signed-exchange;v=b3;q=0.7
Accept-Encoding: gzip, deflate, br
Accept-Language: en-US,en;q=0.9
Connection: keep-alive
Cookie: Last-Modified=2024-2-20 17:17:52; id=14791441398148882561; Last-Modified=2024-2-20 17:17:55
Host: 127.0.0.1:8080
Purpose: prefetch
Sec-Fetch-Dest: document
Sec-Fetch-Mode: navigate
Sec-Fetch-Site: none
Sec-Fetch-User: ?1
Sec-Purpose: prefetch;prerender
Upgrade-Insecure-Requests: 1
User-Agent: Mozilla/5.0 (Macintosh; Intel Mac OS X 10_15_7) AppleWebKit/537.36 (KHTML, like Gecko) Chrome/114.0.0.0 Safari/537.36
sec-ch-ua: "Not.A/Brand";v="8", "Chromium";v="114", "Google Chrome";v="114"
sec-ch-ua-mobile: ?0
sec-ch-ua-platform: "macOS"
RefinedBody: -----------Data------------

#---------------------------#

Reading header
EOHFound: 0
#----------Request----------#
Method: GET
Uri: /img
HttpVersion: HTTP/1.1
Headers: 
Accept: text/html,application/xhtml+xml,application/xml;q=0.9,image/avif,image/webp,image/apng,*/*;q=0.8,application/signed-exchange;v=b3;q=0.7
Accept-Encoding: gzip, deflate, br
Accept-Language: en-US,en;q=0.9
Connection: keep-alive
Cookie: Last-Modified=2024-2-20 17:17:57; id=14791441398148882561; Last-Modified=2024-2-20 17:17:55
Host: 127.0.0.1:8080
Purpose: prefetch
Sec-Fetch-Dest: document
Sec-Fetch-Mode: navigate
Sec-Fetch-Site: none
Sec-Fetch-User: ?1
Sec-Purpose: prefetch;prerender
Upgrade-Insecure-Requests: 1
User-Agent: Mozilla/5.0 (Macintosh; Intel Mac OS X 10_15_7) AppleWebKit/537.36 (KHTML, like Gecko) Chrome/114.0.0.0 Safari/537.36
sec-ch-ua: "Not.A/Brand";v="8", "Chromium";v="114", "Google Chrome";v="114"
sec-ch-ua-mobile: ?0
sec-ch-ua-platform: "macOS"
RefinedBody: -----------Data------------

#---------------------------#

Reading header
EOHFound: 0
#----------Request----------#
Method: GET
Uri: /img/
HttpVersion: HTTP/1.1
Headers: 
Accept: text/html,application/xhtml+xml,application/xml;q=0.9,image/avif,image/webp,image/apng,*/*;q=0.8,application/signed-exchange;v=b3;q=0.7
Accept-Encoding: gzip, deflate, br
Accept-Language: en-US,en;q=0.9
Connection: keep-alive
Cookie: Last-Modified=2024-2-20 17:17:57; id=14791441398148882561; Last-Modified=2024-2-20 17:17:59
Host: 127.0.0.1:8080
Purpose: prefetch
Sec-Fetch-Dest: document
Sec-Fetch-Mode: navigate
Sec-Fetch-Site: none
Sec-Fetch-User: ?1
Sec-Purpose: prefetch;prerender
Upgrade-Insecure-Requests: 1
User-Agent: Mozilla/5.0 (Macintosh; Intel Mac OS X 10_15_7) AppleWebKit/537.36 (KHTML, like Gecko) Chrome/114.0.0.0 Safari/537.36
sec-ch-ua: "Not.A/Brand";v="8", "Chromium";v="114", "Google Chrome";v="114"
sec-ch-ua-mobile: ?0
sec-ch-ua-platform: "macOS"
RefinedBody: -----------Data------------

#---------------------------#

Reading header
EOHFound: 0
#----------Request----------#
Method: GET
Uri: /img
HttpVersion: HTTP/1.1
Headers: 
Accept: text/html,application/xhtml+xml,application/xml;q=0.9,image/avif,image/webp,image/apng,*/*;q=0.8,application/signed-exchange;v=b3;q=0.7
Accept-Encoding: gzip, deflate, br
Accept-Language: en-US,en;q=0.9
Connection: keep-alive
Cookie: Last-Modified=2024-2-20 17:18:2; id=14791441398148882561; Last-Modified=2024-2-20 17:17:59
Host: 127.0.0.1:8080
Purpose: prefetch
Sec-Fetch-Dest: document
Sec-Fetch-Mode: navigate
Sec-Fetch-Site: none
Sec-Fetch-User: ?1
Sec-Purpose: prefetch;prerender
Upgrade-Insecure-Requests: 1
User-Agent: Mozilla/5.0 (Macintosh; Intel Mac OS X 10_15_7) AppleWebKit/537.36 (KHTML, like Gecko) Chrome/114.0.0.0 Safari/537.36
sec-ch-ua: "Not.A/Brand";v="8", "Chromium";v="114", "Google Chrome";v="114"
sec-ch-ua-mobile: ?0
sec-ch-ua-platform: "macOS"
RefinedBody: -----------Data------------

#---------------------------#

Reading header
EOHFound: 0
#----------Request----------#
Method: GET
Uri: /img/
HttpVersion: HTTP/1.1
Headers: 
Accept: text/html,application/xhtml+xml,application/xml;q=0.9,image/avif,image/webp,image/apng,*/*;q=0.8,application/signed-exchange;v=b3;q=0.7
Accept-Encoding: gzip, deflate, br
Accept-Language: en-US,en;q=0.9
Connection: keep-alive
Cookie: Last-Modified=2024-2-20 17:18:2; id=14791441398148882561; Last-Modified=2024-2-20 17:18:5
Host: 127.0.0.1:8080
Purpose: prefetch
Sec-Fetch-Dest: document
Sec-Fetch-Mode: navigate
Sec-Fetch-Site: none
Sec-Fetch-User: ?1
Sec-Purpose: prefetch;prerender
Upgrade-Insecure-Requests: 1
User-Agent: Mozilla/5.0 (Macintosh; Intel Mac OS X 10_15_7) AppleWebKit/537.36 (KHTML, like Gecko) Chrome/114.0.0.0 Safari/537.36
sec-ch-ua: "Not.A/Brand";v="8", "Chromium";v="114", "Google Chrome";v="114"
sec-ch-ua-mobile: ?0
sec-ch-ua-platform: "macOS"
RefinedBody: -----------Data------------

#---------------------------#

Reading header
EOHFound: 0
#----------Request----------#
Method: GET
Uri: /img
HttpVersion: HTTP/1.1
Headers: 
Accept: text/html,application/xhtml+xml,application/xml;q=0.9,image/avif,image/webp,image/apng,*/*;q=0.8,application/signed-exchange;v=b3;q=0.7
Accept-Encoding: gzip, deflate, br
Accept-Language: en-US,en;q=0.9
Connection: keep-alive
Cookie: Last-Modified=2024-2-20 17:19:19; id=14791441398148882561; Last-Modified=2024-2-20 17:18:5
Host: 127.0.0.1:8080
Purpose: prefetch
Sec-Fetch-Dest: document
Sec-Fetch-Mode: navigate
Sec-Fetch-Site: none
Sec-Fetch-User: ?1
Sec-Purpose: prefetch;prerender
Upgrade-Insecure-Requests: 1
User-Agent: Mozilla/5.0 (Macintosh; Intel Mac OS X 10_15_7) AppleWebKit/537.36 (KHTML, like Gecko) Chrome/114.0.0.0 Safari/537.36
sec-ch-ua: "Not.A/Brand";v="8", "Chromium";v="114", "Google Chrome";v="114"
sec-ch-ua-mobile: ?0
sec-ch-ua-platform: "macOS"
RefinedBody: -----------Data------------

#---------------------------#

Reading header
EOHFound: 0
#----------Request----------#
Method: GET
Uri: /img
HttpVersion: HTTP/1.1
Headers: 
Accept: text/html,application/xhtml+xml,application/xml;q=0.9,image/avif,image/webp,image/apng,*/*;q=0.8,application/signed-exchange;v=b3;q=0.7
Accept-Encoding: gzip, deflate, br
Accept-Language: en-US,en;q=0.9
Cache-Control: max-age=0
Connection: keep-alive
Cookie: Last-Modified=2024-2-20 17:19:19; id=14791441398148882561; Last-Modified=2024-2-20 17:19:23
Host: 127.0.0.1:8080
Sec-Fetch-Dest: document
Sec-Fetch-Mode: navigate
Sec-Fetch-Site: none
Sec-Fetch-User: ?1
Upgrade-Insecure-Requests: 1
User-Agent: Mozilla/5.0 (Macintosh; Intel Mac OS X 10_15_7) AppleWebKit/537.36 (KHTML, like Gecko) Chrome/114.0.0.0 Safari/537.36
sec-ch-ua: "Not.A/Brand";v="8", "Chromium";v="114", "Google Chrome";v="114"
sec-ch-ua-mobile: ?0
sec-ch-ua-platform: "macOS"
RefinedBody: -----------Data------------

#---------------------------#

Reading header
EOHFound: 0
#----------Request----------#
Method: GET
Uri: /img/
HttpVersion: HTTP/1.1
Headers: 
Accept: text/html,application/xhtml+xml,application/xml;q=0.9,image/avif,image/webp,image/apng,*/*;q=0.8,application/signed-exchange;v=b3;q=0.7
Accept-Encoding: gzip, deflate, br
Accept-Language: en-US,en;q=0.9
Connection: keep-alive
Cookie: Last-Modified=2024-2-20 17:19:19; id=14791441398148882561; Last-Modified=2024-2-20 17:19:48
Host: 127.0.0.1:8080
Purpose: prefetch
Sec-Fetch-Dest: document
Sec-Fetch-Mode: navigate
Sec-Fetch-Site: none
Sec-Fetch-User: ?1
Sec-Purpose: prefetch;prerender
Upgrade-Insecure-Requests: 1
User-Agent: Mozilla/5.0 (Macintosh; Intel Mac OS X 10_15_7) AppleWebKit/537.36 (KHTML, like Gecko) Chrome/114.0.0.0 Safari/537.36
sec-ch-ua: "Not.A/Brand";v="8", "Chromium";v="114", "Google Chrome";v="114"
sec-ch-ua-mobile: ?0
sec-ch-ua-platform: "macOS"
RefinedBody: -----------Data------------

#---------------------------#

Reading header
EOHFound: 0
#----------Request----------#
Method: GET
Uri: /img
HttpVersion: HTTP/1.1
Headers: 
Accept: text/html,application/xhtml+xml,application/xml;q=0.9,image/avif,image/webp,image/apng,*/*;q=0.8,application/signed-exchange;v=b3;q=0.7
Accept-Encoding: gzip, deflate, br
Accept-Language: en-US,en;q=0.9
Connection: keep-alive
Cookie: Last-Modified=2024-2-20 17:19:50; id=14791441398148882561; Last-Modified=2024-2-20 17:19:48
Host: 127.0.0.1:8080
Purpose: prefetch
Sec-Fetch-Dest: document
Sec-Fetch-Mode: navigate
Sec-Fetch-Site: none
Sec-Fetch-User: ?1
Sec-Purpose: prefetch;prerender
Upgrade-Insecure-Requests: 1
User-Agent: Mozilla/5.0 (Macintosh; Intel Mac OS X 10_15_7) AppleWebKit/537.36 (KHTML, like Gecko) Chrome/114.0.0.0 Safari/537.36
sec-ch-ua: "Not.A/Brand";v="8", "Chromium";v="114", "Google Chrome";v="114"
sec-ch-ua-mobile: ?0
sec-ch-ua-platform: "macOS"
RefinedBody: -----------Data------------

#---------------------------#

Reading header
EOHFound: 0
#----------Request----------#
Method: GET
Uri: /
HttpVersion: HTTP/1.1
Headers: 
Accept: text/html,application/xhtml+xml,application/xml;q=0.9,image/avif,image/webp,image/apng,*/*;q=0.8,application/signed-exchange;v=b3;q=0.7
Accept-Encoding: gzip, deflate, br
Accept-Language: en-US,en;q=0.9
Connection: keep-alive
Cookie: id=14791441398148882561; Last-Modified=2024-2-20 17:19:55
Host: 127.0.0.1:8080
Sec-Fetch-Dest: document
Sec-Fetch-Mode: navigate
Sec-Fetch-Site: none
Sec-Fetch-User: ?1
Upgrade-Insecure-Requests: 1
User-Agent: Mozilla/5.0 (Macintosh; Intel Mac OS X 10_15_7) AppleWebKit/537.36 (KHTML, like Gecko) Chrome/114.0.0.0 Safari/537.36
sec-ch-ua: "Not.A/Brand";v="8", "Chromium";v="114", "Google Chrome";v="114"
sec-ch-ua-mobile: ?0
sec-ch-ua-platform: "macOS"
RefinedBody: -----------Data------------

#---------------------------#

Reading header
EOHFound: 0
#----------Request----------#
Method: GET
Uri: /
HttpVersion: HTTP/1.1
Headers: 
Accept: text/html,application/xhtml+xml,application/xml;q=0.9,image/avif,image/webp,image/apng,*/*;q=0.8,application/signed-exchange;v=b3;q=0.7
Accept-Encoding: gzip, deflate, br
Accept-Language: en-US,en;q=0.9
Cache-Control: max-age=0
Connection: keep-alive
Cookie: id=14791441398148882561; Last-Modified=2024-2-20 17:20:2
Host: 127.0.0.1:8080
Sec-Fetch-Dest: document
Sec-Fetch-Mode: navigate
Sec-Fetch-Site: none
Sec-Fetch-User: ?1
Upgrade-Insecure-Requests: 1
User-Agent: Mozilla/5.0 (Macintosh; Intel Mac OS X 10_15_7) AppleWebKit/537.36 (KHTML, like Gecko) Chrome/114.0.0.0 Safari/537.36
sec-ch-ua: "Not.A/Brand";v="8", "Chromium";v="114", "Google Chrome";v="114"
sec-ch-ua-mobile: ?0
sec-ch-ua-platform: "macOS"
RefinedBody: -----------Data------------

#---------------------------#

Reading header
EOHFound: 0
#----------Request----------#
Method: GET
Uri: /img
HttpVersion: HTTP/1.1
Headers: 
Accept: text/html,application/xhtml+xml,application/xml;q=0.9,image/avif,image/webp,image/apng,*/*;q=0.8,application/signed-exchange;v=b3;q=0.7
Accept-Encoding: gzip, deflate, br
Accept-Language: en-US,en;q=0.9
Connection: keep-alive
Cookie: Last-Modified=2024-2-20 17:19:50; id=14791441398148882561; Last-Modified=2024-2-20 17:20:5
Host: 127.0.0.1:8080
Purpose: prefetch
Sec-Fetch-Dest: document
Sec-Fetch-Mode: navigate
Sec-Fetch-Site: none
Sec-Fetch-User: ?1
Sec-Purpose: prefetch;prerender
Upgrade-Insecure-Requests: 1
User-Agent: Mozilla/5.0 (Macintosh; Intel Mac OS X 10_15_7) AppleWebKit/537.36 (KHTML, like Gecko) Chrome/114.0.0.0 Safari/537.36
sec-ch-ua: "Not.A/Brand";v="8", "Chromium";v="114", "Google Chrome";v="114"
sec-ch-ua-mobile: ?0
sec-ch-ua-platform: "macOS"
RefinedBody: -----------Data------------

#---------------------------#

Reading header
EOHFound: 0
#----------Request----------#
Method: GET
Uri: /img/
HttpVersion: HTTP/1.1
Headers: 
Accept: text/html,application/xhtml+xml,application/xml;q=0.9,image/avif,image/webp,image/apng,*/*;q=0.8,application/signed-exchange;v=b3;q=0.7
Accept-Encoding: gzip, deflate, br
Accept-Language: en-US,en;q=0.9
Connection: keep-alive
Cookie: Last-Modified=2024-2-20 17:19:50; id=14791441398148882561; Last-Modified=2024-2-20 17:20:8
Host: 127.0.0.1:8080
Purpose: prefetch
Sec-Fetch-Dest: document
Sec-Fetch-Mode: navigate
Sec-Fetch-Site: none
Sec-Fetch-User: ?1
Sec-Purpose: prefetch;prerender
Upgrade-Insecure-Requests: 1
User-Agent: Mozilla/5.0 (Macintosh; Intel Mac OS X 10_15_7) AppleWebKit/537.36 (KHTML, like Gecko) Chrome/114.0.0.0 Safari/537.36
sec-ch-ua: "Not.A/Brand";v="8", "Chromium";v="114", "Google Chrome";v="114"
sec-ch-ua-mobile: ?0
sec-ch-ua-platform: "macOS"
RefinedBody: -----------Data------------

#---------------------------#

Reading header
EOHFound: 0
Reading body
EOHFound: 1
Reading header
EOHFound: 0
#----------Request----------#
Method: GET
Uri: /img
HttpVersion: HTTP/1.1
Headers: 
Accept: text/html,application/xhtml+xml,application/xml;q=0.9,image/avif,image/webp,image/apng,*/*;q=0.8,application/signed-exchange;v=b3;q=0.7
Accept-Encoding: gzip, deflate, br
Accept-Language: en-US,en;q=0.9
Cache-Control: max-age=0
Connection: keep-alive
Cookie: Last-Modified=2024-2-20 17:20:38; id=14791441398148882561; Last-Modified=2024-2-20 17:20:8
Host: 127.0.0.1:8080
Sec-Fetch-Dest: document
Sec-Fetch-Mode: navigate
Sec-Fetch-Site: none
Sec-Fetch-User: ?1
Upgrade-Insecure-Requests: 1
User-Agent: Mozilla/5.0 (Macintosh; Intel Mac OS X 10_15_7) AppleWebKit/537.36 (KHTML, like Gecko) Chrome/114.0.0.0 Safari/537.36
sec-ch-ua: "Not.A/Brand";v="8", "Chromium";v="114", "Google Chrome";v="114"
sec-ch-ua-mobile: ?0
sec-ch-ua-platform: "macOS"
RefinedBody: -----------Data------------

#---------------------------#

Reading header
EOHFound: 0
#----------Request----------#
Method: GET
Uri: /img
HttpVersion: HTTP/1.1
Headers: 
Accept: text/html,application/xhtml+xml,application/xml;q=0.9,image/avif,image/webp,image/apng,*/*;q=0.8,application/signed-exchange;v=b3;q=0.7
Accept-Encoding: gzip, deflate, br
Accept-Language: en-US,en;q=0.9
Cache-Control: max-age=0
Connection: keep-alive
Cookie: Last-Modified=2024-2-20 17:20:38; id=14791441398148882561; Last-Modified=2024-2-20 17:36:1
Host: 127.0.0.1:8080
Sec-Fetch-Dest: document
Sec-Fetch-Mode: navigate
Sec-Fetch-Site: none
Sec-Fetch-User: ?1
Upgrade-Insecure-Requests: 1
User-Agent: Mozilla/5.0 (Macintosh; Intel Mac OS X 10_15_7) AppleWebKit/537.36 (KHTML, like Gecko) Chrome/114.0.0.0 Safari/537.36
sec-ch-ua: "Not.A/Brand";v="8", "Chromium";v="114", "Google Chrome";v="114"
sec-ch-ua-mobile: ?0
sec-ch-ua-platform: "macOS"
RefinedBody: -----------Data------------

#---------------------------#

Reading header
EOHFound: 0
#----------Request----------#
Method: GET
Uri: /img
HttpVersion: HTTP/1.1
Headers: 
Accept: text/html,application/xhtml+xml,application/xml;q=0.9,image/avif,image/webp,image/apng,*/*;q=0.8,application/signed-exchange;v=b3;q=0.7
Accept-Encoding: gzip, deflate, br
Accept-Language: en-US,en;q=0.9
Cache-Control: max-age=0
Connection: keep-alive
Cookie: Last-Modified=2024-2-20 17:20:38; id=14791441398148882561; Last-Modified=2024-2-20 17:36:1
Host: 127.0.0.1:8080
Sec-Fetch-Dest: document
Sec-Fetch-Mode: navigate
Sec-Fetch-Site: none
Sec-Fetch-User: ?1
Upgrade-Insecure-Requests: 1
User-Agent: Mozilla/5.0 (Macintosh; Intel Mac OS X 10_15_7) AppleWebKit/537.36 (KHTML, like Gecko) Chrome/114.0.0.0 Safari/537.36
sec-ch-ua: "Not.A/Brand";v="8", "Chromium";v="114", "Google Chrome";v="114"
sec-ch-ua-mobile: ?0
sec-ch-ua-platform: "macOS"
RefinedBody: -----------Data------------

#---------------------------#

