#---------Response----------#
Code: 200
Connection: close
Cookie: Last-Modified=2024-2-19 16:28:47; id=8501106350713431808; 
Content-Disposition: 
Content-Type: 
Content-Length: 1959
Content: 
<!DOCTYPE html>
<html>
<head>
    <title>Téléchargement de Fichiers</title>
<style>
body {
    font-family: Arial, sans-serif;
    background-color: #f4f4f4;
    margin: 0;
    padding: 20px;
    color: #333;
}

h1 {
    color: #007bff;
    text-align: center;
}

iframe {
    width: 100%;
    height: 300px;
    border: 1px solid #ddd;
    border-radius: 4px;
    box-shadow: 0 2px 4px rgba(0, 0, 0, 0.1);
}

footer {
    text-align: center;
    margin-top: 20px;
    padding-top: 20px;
    border-top: 1px solid #ddd;
}

footer p {
    font-size: 0.9em;
}

footer a {
    color: #007bff;
    text-decoration: none;
}

footer a:hover {
    text-decoration: underline;
}

@media (max-width: 600px) {
    body {
        padding: 10px;
    }

    h1 {
        font-size: 1.5em;
    }
}

footer {
    background-color: #897867;
    color: white;
    padding: 20px;
    text-align: center;
}
</style>
<script>
    function transformFileList(iframe) {
        var iframeDocument = iframe.contentDocument || iframe.contentWindow.document;
        var fileList = iframeDocument.getElementsByTagName('li');
        for (var i = 0; i < fileList.length; i++) {
            var fileName = fileList[i].innerText;
            var downloadLink = document.createElement('a');
            downloadLink.href = `/download/${fileName}`; // Modifier le chemin selon la configuration de votre serveur
            downloadLink.innerText = fileName;
            downloadLink.download = fileName;

            fileList[i].innerHTML = '';
            fileList[i].appendChild(downloadLink);
        }
    }
</script>
</head>
<body>
    <h1>Télécharger des Fichiers depuis le Dossier Download</h1>
    <iframe id="fileListFrame" src="/cgi/mylistfiles.py?directory=/Users/alde-oli/Desktop/ws_old/www/webpages/download" onload="transformFileList(this)" style="width:100%; height:300px;"></iframe>
</body>
<footer>
    <p><a href="index.html">Page principale</a></p>
</footer>
</html>

#---------------------------#

#---------Response----------#
Code: 200
Connection: close
Cookie: Last-Modified=2024-2-19 16:28:47; id=8501106350713431808; 
Content-Disposition: 
Content-Type: 
Content-Length: 1959
Content: 
<!DOCTYPE html>
<html>
<head>
    <title>Téléchargement de Fichiers</title>
<style>
body {
    font-family: Arial, sans-serif;
    background-color: #f4f4f4;
    margin: 0;
    padding: 20px;
    color: #333;
}

h1 {
    color: #007bff;
    text-align: center;
}

iframe {
    width: 100%;
    height: 300px;
    border: 1px solid #ddd;
    border-radius: 4px;
    box-shadow: 0 2px 4px rgba(0, 0, 0, 0.1);
}

footer {
    text-align: center;
    margin-top: 20px;
    padding-top: 20px;
    border-top: 1px solid #ddd;
}

footer p {
    font-size: 0.9em;
}

footer a {
    color: #007bff;
    text-decoration: none;
}

footer a:hover {
    text-decoration: underline;
}

@media (max-width: 600px) {
    body {
        padding: 10px;
    }

    h1 {
        font-size: 1.5em;
    }
}

footer {
    background-color: #897867;
    color: white;
    padding: 20px;
    text-align: center;
}
</style>
<script>
    function transformFileList(iframe) {
        var iframeDocument = iframe.contentDocument || iframe.contentWindow.document;
        var fileList = iframeDocument.getElementsByTagName('li');
        for (var i = 0; i < fileList.length; i++) {
            var fileName = fileList[i].innerText;
            var downloadLink = document.createElement('a');
            downloadLink.href = `/download/${fileName}`; // Modifier le chemin selon la configuration de votre serveur
            downloadLink.innerText = fileName;
            downloadLink.download = fileName;

            fileList[i].innerHTML = '';
            fileList[i].appendChild(downloadLink);
        }
    }
</script>
</head>
<body>
    <h1>Télécharger des Fichiers depuis le Dossier Download</h1>
    <iframe id="fileListFrame" src="/cgi/mylistfiles.py?directory=/Users/alde-oli/Desktop/ws_old/www/webpages/download" onload="transformFileList(this)" style="width:100%; height:300px;"></iframe>
</body>
<footer>
    <p><a href="index.html">Page principale</a></p>
</footer>
</html>

#---------------------------#

#---------Response----------#
Code: 404
Connection: close
Cookie: Last-Modified=2024-2-19 16:28:47; id=8501106350713431808; 
Content-Disposition: 
Content-Type: 
Content-Length: 
Content: 

#---------------------------#

#---------Response----------#
Code: 404
Connection: close
Cookie: Last-Modified=2024-2-19 16:28:47; id=8501106350713431808; 
Content-Disposition: 
Content-Type: 
Content-Length: 
Content: 

#---------------------------#

#---------Response----------#
Code: 404
Connection: close
Cookie: Last-Modified=2024-2-19 16:28:47; id=8501106350713431808; 
Content-Disposition: 
Content-Type: 
Content-Length: 
Content: 

#---------------------------#

#---------Response----------#
Code: 404
Connection: close
Cookie: Last-Modified=2024-2-19 16:28:47; id=8501106350713431808; 
Content-Disposition: 
Content-Type: 
Content-Length: 
Content: 

#---------------------------#

#---------Response----------#
Code: 404
Connection: close
Cookie: Last-Modified=2024-2-19 16:28:47; id=8501106350713431808; 
Content-Disposition: 
Content-Type: 
Content-Length: 
Content: 

#---------------------------#

#---------Response----------#
Code: 404
Connection: close
Cookie: Last-Modified=2024-2-19 16:28:47; id=8501106350713431808; 
Content-Disposition: 
Content-Type: 
Content-Length: 
Content: 

#---------------------------#

#---------Response----------#
Code: 200
Connection: close
Cookie: Last-Modified=2024-2-19 16:29:16; id=8501106350713431808; 
Content-Disposition: 
Content-Type: 
Content-Length: 1871
Content: 
<!DOCTYPE html>
<html>
<head>
    <title>Téléversement de Fichiers</title>
<style>
body {
    font-family: 'Arial', sans-serif;
    background-color: #f8f8f8;
    color: #333;
    margin: 0;
    padding: 20px;
    display: flex;
    flex-direction: column;
    align-items: center;
    justify-content: center;
    min-height: 100vh;
}

h1 {
    color: #007bff;
}

form {
    background-color: white;
    padding: 20px;
    border-radius: 8px;
    box-shadow: 0 2px 4px rgba(0, 0, 0, 0.1);
    max-width: 500px;
    width: 100%;
    margin: 20px;
}

label {
    display: block;
    margin-bottom: 10px;
    font-weight: bold;
}

input[type="file"] {
    border: 1px solid #ddd;
    display: block;
    width: 100%;
    padding: 10px;
    margin-bottom: 20px;
}

input[type="submit"] {
    background-color: #007bff;
    color: white;
    border: none;
    padding: 10px 20px;
    border-radius: 4px;
    cursor: pointer;
    font-size: 1em;
}

input[type="submit"]:hover {
    background-color: #0056b3;
}

footer {
    text-align: center;
    margin-top: 20px;
    padding-top: 20px;
    border-top: 1px solid #ddd;
}

footer p {
    font-size: 0.9em;
}

footer a {
    color: #007bff;
    text-decoration: none;
}

footer a:hover {
    text-decoration: underline;
}

@media (max-width: 600px) {
    form {
        margin: 10px;
        padding: 15px;
    }

    h1 {
        font-size: 1.5em;
    }
}

</style>
</head>
<body>
    <h1>Téléversement de Fichiers</h1>
    <form action="/kittenland/" method="post" enctype="multipart/form-data">
        <label for="fileUpload">Choisissez les fichiers à téléverser:</label>
        <input type="file" id="fileUpload" name="fileUpload" multiple><br><br>
        <input type="submit" value="Téléverser">
    </form>

    <footer>
        <p><a href="index.html">Page principale</a></p>
    </footer>
</body>
</html>

#---------------------------#

#---------Response----------#
Code: 200
Connection: close
Cookie: Last-Modified=2024-2-19 16:29:16; id=8501106350713431808; 
Content-Disposition: 
Content-Type: 
Content-Length: 1871
Content: 
<!DOCTYPE html>
<html>
<head>
    <title>Téléversement de Fichiers</title>
<style>
body {
    font-family: 'Arial', sans-serif;
    background-color: #f8f8f8;
    color: #333;
    margin: 0;
    padding: 20px;
    display: flex;
    flex-direction: column;
    align-items: center;
    justify-content: center;
    min-height: 100vh;
}

h1 {
    color: #007bff;
}

form {
    background-color: white;
    padding: 20px;
    border-radius: 8px;
    box-shadow: 0 2px 4px rgba(0, 0, 0, 0.1);
    max-width: 500px;
    width: 100%;
    margin: 20px;
}

label {
    display: block;
    margin-bottom: 10px;
    font-weight: bold;
}

input[type="file"] {
    border: 1px solid #ddd;
    display: block;
    width: 100%;
    padding: 10px;
    margin-bottom: 20px;
}

input[type="submit"] {
    background-color: #007bff;
    color: white;
    border: none;
    padding: 10px 20px;
    border-radius: 4px;
    cursor: pointer;
    font-size: 1em;
}

input[type="submit"]:hover {
    background-color: #0056b3;
}

footer {
    text-align: center;
    margin-top: 20px;
    padding-top: 20px;
    border-top: 1px solid #ddd;
}

footer p {
    font-size: 0.9em;
}

footer a {
    color: #007bff;
    text-decoration: none;
}

footer a:hover {
    text-decoration: underline;
}

@media (max-width: 600px) {
    form {
        margin: 10px;
        padding: 15px;
    }

    h1 {
        font-size: 1.5em;
    }
}

</style>
</head>
<body>
    <h1>Téléversement de Fichiers</h1>
    <form action="/kittenland/" method="post" enctype="multipart/form-data">
        <label for="fileUpload">Choisissez les fichiers à téléverser:</label>
        <input type="file" id="fileUpload" name="fileUpload" multiple><br><br>
        <input type="submit" value="Téléverser">
    </form>

    <footer>
        <p><a href="index.html">Page principale</a></p>
    </footer>
</body>
</html>

#---------------------------#

